[ 2018-07-13T14:51:03+08:00 ] 112.53.68.98 /index.php/Admin/Uselog/showList/p/1.html
INFO: [ app_init ] --START--
INFO: Run Behavior\BuildLiteBehavior [ RunTime:0.000016s ]
INFO: [ app_init ] --END-- [ RunTime:0.000383s ]
INFO: [ app_begin ] --START--
INFO: Run Behavior\ReadHtmlCacheBehavior [ RunTime:0.000464s ]
INFO: [ app_begin ] --END-- [ RunTime:0.000507s ]
SQL: SHOW COLUMNS FROM `uselog` [ RunTime:0.0022s ]
SQL: SELECT t1.*,t2.name as name FROM uselog t1 left join user as t2 on t1.openid = t2.openid   [ RunTime:0.0007s ]
SQL: SELECT COUNT(*) AS tp_count FROM `uselog` LIMIT 1   [ RunTime:0.0002s ]
SQL: SELECT * FROM `uselog` LIMIT 0,15   [ RunTime:0.0004s ]
NOTIC: [2] A non-numeric value encountered C:\wwwroot\lyutu.lyu520.cn\Application\Admin\Controller\UselogController.class.php 第 33 行.
NOTIC: [2] A non-numeric value encountered C:\wwwroot\lyutu.lyu520.cn\Application\Admin\Controller\UselogController.class.php 第 34 行.
NOTIC: [2] A non-numeric value encountered C:\wwwroot\lyutu.lyu520.cn\Application\Admin\Controller\UselogController.class.php 第 35 行.
NOTIC: [8] A non well formed numeric value encountered C:\wwwroot\lyutu.lyu520.cn\Application\Admin\Controller\UselogController.class.php 第 33 行.
NOTIC: [8] A non well formed numeric value encountered C:\wwwroot\lyutu.lyu520.cn\Application\Admin\Controller\UselogController.class.php 第 34 行.
NOTIC: [8] A non well formed numeric value encountered C:\wwwroot\lyutu.lyu520.cn\Application\Admin\Controller\UselogController.class.php 第 35 行.
NOTIC: [2] A non-numeric value encountered C:\wwwroot\lyutu.lyu520.cn\Application\Admin\Controller\UselogController.class.php 第 33 行.
NOTIC: [2] A non-numeric value encountered C:\wwwroot\lyutu.lyu520.cn\Application\Admin\Controller\UselogController.class.php 第 34 行.
NOTIC: [2] A non-numeric value encountered C:\wwwroot\lyutu.lyu520.cn\Application\Admin\Controller\UselogController.class.php 第 35 行.
NOTIC: [8] A non well formed numeric value encountered C:\wwwroot\lyutu.lyu520.cn\Application\Admin\Controller\UselogController.class.php 第 33 行.
NOTIC: [8] A non well formed numeric value encountered C:\wwwroot\lyutu.lyu520.cn\Application\Admin\Controller\UselogController.class.php 第 34 行.
NOTIC: [8] A non well formed numeric value encountered C:\wwwroot\lyutu.lyu520.cn\Application\Admin\Controller\UselogController.class.php 第 35 行.
NOTIC: [2] A non-numeric value encountered C:\wwwroot\lyutu.lyu520.cn\Application\Admin\Controller\UselogController.class.php 第 33 行.
NOTIC: [2] A non-numeric value encountered C:\wwwroot\lyutu.lyu520.cn\Application\Admin\Controller\UselogController.class.php 第 34 行.
NOTIC: [2] A non-numeric value encountered C:\wwwroot\lyutu.lyu520.cn\Application\Admin\Controller\UselogController.class.php 第 35 行.
NOTIC: [8] A non well formed numeric value encountered C:\wwwroot\lyutu.lyu520.cn\Application\Admin\Controller\UselogController.class.php 第 33 行.
NOTIC: [8] A non well formed numeric value encountered C:\wwwroot\lyutu.lyu520.cn\Application\Admin\Controller\UselogController.class.php 第 34 行.
NOTIC: [8] A non well formed numeric value encountered C:\wwwroot\lyutu.lyu520.cn\Application\Admin\Controller\UselogController.class.php 第 35 行.
NOTIC: [2] A non-numeric value encountered C:\wwwroot\lyutu.lyu520.cn\Application\Admin\Controller\UselogController.class.php 第 33 行.
NOTIC: [2] A non-numeric value encountered C:\wwwroot\lyutu.lyu520.cn\Application\Admin\Controller\UselogController.class.php 第 34 行.
NOTIC: [2] A non-numeric value encountered C:\wwwroot\lyutu.lyu520.cn\Application\Admin\Controller\UselogController.class.php 第 35 行.
NOTIC: [8] A non well formed numeric value encountered C:\wwwroot\lyutu.lyu520.cn\Application\Admin\Controller\UselogController.class.php 第 33 行.
NOTIC: [8] A non well formed numeric value encountered C:\wwwroot\lyutu.lyu520.cn\Application\Admin\Controller\UselogController.class.php 第 34 行.
NOTIC: [8] A non well formed numeric value encountered C:\wwwroot\lyutu.lyu520.cn\Application\Admin\Controller\UselogController.class.php 第 35 行.
NOTIC: [2] A non-numeric value encountered C:\wwwroot\lyutu.lyu520.cn\Application\Admin\Controller\UselogController.class.php 第 33 行.
NOTIC: [2] A non-numeric value encountered C:\wwwroot\lyutu.lyu520.cn\Application\Admin\Controller\UselogController.class.php 第 34 行.
NOTIC: [2] A non-numeric value encountered C:\wwwroot\lyutu.lyu520.cn\Application\Admin\Controller\UselogController.class.php 第 35 行.
NOTIC: [8] A non well formed numeric value encountered C:\wwwroot\lyutu.lyu520.cn\Application\Admin\Controller\UselogController.class.php 第 33 行.
NOTIC: [8] A non well formed numeric value encountered C:\wwwroot\lyutu.lyu520.cn\Application\Admin\Controller\UselogController.class.php 第 34 行.
NOTIC: [8] A non well formed numeric value encountered C:\wwwroot\lyutu.lyu520.cn\Application\Admin\Controller\UselogController.class.php 第 35 行.
NOTIC: [2] A non-numeric value encountered C:\wwwroot\lyutu.lyu520.cn\Application\Admin\Controller\UselogController.class.php 第 33 行.
NOTIC: [2] A non-numeric value encountered C:\wwwroot\lyutu.lyu520.cn\Application\Admin\Controller\UselogController.class.php 第 34 行.
NOTIC: [2] A non-numeric value encountered C:\wwwroot\lyutu.lyu520.cn\Application\Admin\Controller\UselogController.class.php 第 35 行.
NOTIC: [8] A non well formed numeric value encountered C:\wwwroot\lyutu.lyu520.cn\Application\Admin\Controller\UselogController.class.php 第 33 行.
NOTIC: [8] A non well formed numeric value encountered C:\wwwroot\lyutu.lyu520.cn\Application\Admin\Controller\UselogController.class.php 第 34 行.
NOTIC: [8] A non well formed numeric value encountered C:\wwwroot\lyutu.lyu520.cn\Application\Admin\Controller\UselogController.class.php 第 35 行.
NOTIC: [2] A non-numeric value encountered C:\wwwroot\lyutu.lyu520.cn\Application\Admin\Controller\UselogController.class.php 第 33 行.
NOTIC: [2] A non-numeric value encountered C:\wwwroot\lyutu.lyu520.cn\Application\Admin\Controller\UselogController.class.php 第 34 行.
NOTIC: [2] A non-numeric value encountered C:\wwwroot\lyutu.lyu520.cn\Application\Admin\Controller\UselogController.class.php 第 35 行.
NOTIC: [8] A non well formed numeric value encountered C:\wwwroot\lyutu.lyu520.cn\Application\Admin\Controller\UselogController.class.php 第 33 行.
NOTIC: [8] A non well formed numeric value encountered C:\wwwroot\lyutu.lyu520.cn\Application\Admin\Controller\UselogController.class.php 第 34 行.
NOTIC: [8] A non well formed numeric value encountered C:\wwwroot\lyutu.lyu520.cn\Application\Admin\Controller\UselogController.class.php 第 35 行.
NOTIC: [2] A non-numeric value encountered C:\wwwroot\lyutu.lyu520.cn\Application\Admin\Controller\UselogController.class.php 第 33 行.
NOTIC: [2] A non-numeric value encountered C:\wwwroot\lyutu.lyu520.cn\Application\Admin\Controller\UselogController.class.php 第 34 行.
NOTIC: [2] A non-numeric value encountered C:\wwwroot\lyutu.lyu520.cn\Application\Admin\Controller\UselogController.class.php 第 35 行.
NOTIC: [8] A non well formed numeric value encountered C:\wwwroot\lyutu.lyu520.cn\Application\Admin\Controller\UselogController.class.php 第 33 行.
NOTIC: [8] A non well formed numeric value encountered C:\wwwroot\lyutu.lyu520.cn\Application\Admin\Controller\UselogController.class.php 第 34 行.
NOTIC: [8] A non well formed numeric value encountered C:\wwwroot\lyutu.lyu520.cn\Application\Admin\Controller\UselogController.class.php 第 35 行.
NOTIC: [2] A non-numeric value encountered C:\wwwroot\lyutu.lyu520.cn\Application\Admin\Controller\UselogController.class.php 第 33 行.
NOTIC: [2] A non-numeric value encountered C:\wwwroot\lyutu.lyu520.cn\Application\Admin\Controller\UselogController.class.php 第 34 行.
NOTIC: [2] A non-numeric value encountered C:\wwwroot\lyutu.lyu520.cn\Application\Admin\Controller\UselogController.class.php 第 35 行.
NOTIC: [8] A non well formed numeric value encountered C:\wwwroot\lyutu.lyu520.cn\Application\Admin\Controller\UselogController.class.php 第 33 行.
NOTIC: [8] A non well formed numeric value encountered C:\wwwroot\lyutu.lyu520.cn\Application\Admin\Controller\UselogController.class.php 第 34 行.
NOTIC: [8] A non well formed numeric value encountered C:\wwwroot\lyutu.lyu520.cn\Application\Admin\Controller\UselogController.class.php 第 35 行.
NOTIC: [2] A non-numeric value encountered C:\wwwroot\lyutu.lyu520.cn\Application\Admin\Controller\UselogController.class.php 第 33 行.
NOTIC: [2] A non-numeric value encountered C:\wwwroot\lyutu.lyu520.cn\Application\Admin\Controller\UselogController.class.php 第 34 行.
NOTIC: [2] A non-numeric value encountered C:\wwwroot\lyutu.lyu520.cn\Application\Admin\Controller\UselogController.class.php 第 35 行.
NOTIC: [8] A non well formed numeric value encountered C:\wwwroot\lyutu.lyu520.cn\Application\Admin\Controller\UselogController.class.php 第 33 行.
NOTIC: [8] A non well formed numeric value encountered C:\wwwroot\lyutu.lyu520.cn\Application\Admin\Controller\UselogController.class.php 第 34 行.
NOTIC: [8] A non well formed numeric value encountered C:\wwwroot\lyutu.lyu520.cn\Application\Admin\Controller\UselogController.class.php 第 35 行.
NOTIC: [2] A non-numeric value encountered C:\wwwroot\lyutu.lyu520.cn\Application\Admin\Controller\UselogController.class.php 第 33 行.
NOTIC: [2] A non-numeric value encountered C:\wwwroot\lyutu.lyu520.cn\Application\Admin\Controller\UselogController.class.php 第 34 行.
NOTIC: [2] A non-numeric value encountered C:\wwwroot\lyutu.lyu520.cn\Application\Admin\Controller\UselogController.class.php 第 35 行.
NOTIC: [8] A non well formed numeric value encountered C:\wwwroot\lyutu.lyu520.cn\Application\Admin\Controller\UselogController.class.php 第 33 行.
NOTIC: [8] A non well formed numeric value encountered C:\wwwroot\lyutu.lyu520.cn\Application\Admin\Controller\UselogController.class.php 第 34 行.
NOTIC: [8] A non well formed numeric value encountered C:\wwwroot\lyutu.lyu520.cn\Application\Admin\Controller\UselogController.class.php 第 35 行.
NOTIC: [2] A non-numeric value encountered C:\wwwroot\lyutu.lyu520.cn\Application\Admin\Controller\UselogController.class.php 第 33 行.
NOTIC: [2] A non-numeric value encountered C:\wwwroot\lyutu.lyu520.cn\Application\Admin\Controller\UselogController.class.php 第 34 行.
NOTIC: [2] A non-numeric value encountered C:\wwwroot\lyutu.lyu520.cn\Application\Admin\Controller\UselogController.class.php 第 35 行.
NOTIC: [8] A non well formed numeric value encountered C:\wwwroot\lyutu.lyu520.cn\Application\Admin\Controller\UselogController.class.php 第 33 行.
NOTIC: [8] A non well formed numeric value encountered C:\wwwroot\lyutu.lyu520.cn\Application\Admin\Controller\UselogController.class.php 第 34 行.
NOTIC: [8] A non well formed numeric value encountered C:\wwwroot\lyutu.lyu520.cn\Application\Admin\Controller\UselogController.class.php 第 35 行.
NOTIC: [2] A non-numeric value encountered C:\wwwroot\lyutu.lyu520.cn\Application\Admin\Controller\UselogController.class.php 第 33 行.
NOTIC: [2] A non-numeric value encountered C:\wwwroot\lyutu.lyu520.cn\Application\Admin\Controller\UselogController.class.php 第 34 行.
NOTIC: [2] A non-numeric value encountered C:\wwwroot\lyutu.lyu520.cn\Application\Admin\Controller\UselogController.class.php 第 35 行.
NOTIC: [8] A non well formed numeric value encountered C:\wwwroot\lyutu.lyu520.cn\Application\Admin\Controller\UselogController.class.php 第 33 行.
NOTIC: [8] A non well formed numeric value encountered C:\wwwroot\lyutu.lyu520.cn\Application\Admin\Controller\UselogController.class.php 第 34 行.
NOTIC: [8] A non well formed numeric value encountered C:\wwwroot\lyutu.lyu520.cn\Application\Admin\Controller\UselogController.class.php 第 35 行.
NOTIC: [2] A non-numeric value encountered C:\wwwroot\lyutu.lyu520.cn\Application\Admin\Controller\UselogController.class.php 第 33 行.
NOTIC: [2] A non-numeric value encountered C:\wwwroot\lyutu.lyu520.cn\Application\Admin\Controller\UselogController.class.php 第 34 行.
NOTIC: [2] A non-numeric value encountered C:\wwwroot\lyutu.lyu520.cn\Application\Admin\Controller\UselogController.class.php 第 35 行.
NOTIC: [8] A non well formed numeric value encountered C:\wwwroot\lyutu.lyu520.cn\Application\Admin\Controller\UselogController.class.php 第 33 行.
NOTIC: [8] A non well formed numeric value encountered C:\wwwroot\lyutu.lyu520.cn\Application\Admin\Controller\UselogController.class.php 第 34 行.
NOTIC: [8] A non well formed numeric value encountered C:\wwwroot\lyutu.lyu520.cn\Application\Admin\Controller\UselogController.class.php 第 35 行.
NOTIC: [2] A non-numeric value encountered C:\wwwroot\lyutu.lyu520.cn\Application\Admin\Controller\UselogController.class.php 第 33 行.
NOTIC: [2] A non-numeric value encountered C:\wwwroot\lyutu.lyu520.cn\Application\Admin\Controller\UselogController.class.php 第 34 行.
NOTIC: [2] A non-numeric value encountered C:\wwwroot\lyutu.lyu520.cn\Application\Admin\Controller\UselogController.class.php 第 35 行.
NOTIC: [8] A non well formed numeric value encountered C:\wwwroot\lyutu.lyu520.cn\Application\Admin\Controller\UselogController.class.php 第 33 行.
NOTIC: [8] A non well formed numeric value encountered C:\wwwroot\lyutu.lyu520.cn\Application\Admin\Controller\UselogController.class.php 第 34 行.
NOTIC: [8] A non well formed numeric value encountered C:\wwwroot\lyutu.lyu520.cn\Application\Admin\Controller\UselogController.class.php 第 35 行.
INFO: [ view_parse ] --START--
INFO: [ template_filter ] --START--
INFO: Run Behavior\ContentReplaceBehavior [ RunTime:0.000052s ]
INFO: [ template_filter ] --END-- [ RunTime:0.000231s ]
INFO: Run Behavior\ParseTemplateBehavior [ RunTime:0.005766s ]
INFO: [ view_parse ] --END-- [ RunTime:0.005806s ]
INFO: [ view_filter ] --START--
INFO: Run Behavior\WriteHtmlCacheBehavior [ RunTime:0.000309s ]
INFO: [ view_filter ] --END-- [ RunTime:0.000335s ]
INFO: [ app_end ] --START--
INFO: Run Behavior\ShowPageTraceBehavior [ RunTime:0.000565s ]
INFO: [ app_end ] --END-- [ RunTime:0.000596s ]

