[ 2018-05-19T01:20:50+08:00 ] 223.104.185.205 /index.php/Home/Wechat/Img
INFO: [ app_init ] --START--
INFO: Run Behavior\BuildLiteBehavior [ RunTime:0.000009s ]
INFO: [ app_init ] --END-- [ RunTime:0.000279s ]
INFO: [ app_begin ] --START--
INFO: Run Behavior\ReadHtmlCacheBehavior [ RunTime:0.000353s ]
INFO: [ app_begin ] --END-- [ RunTime:0.000407s ]
SQL: SHOW COLUMNS FROM `zw_wechat` [ RunTime:0.0016s ]
ERR: 1146:Table 'seatmanage.sp_wechat' doesn't exist
 [ SQL语句 ] : SHOW COLUMNS FROM `sp_wechat`
ERR: 1146:Table 'seatmanage.sp_wechat' doesn't exist
 [ SQL语句 ] : SHOW COLUMNS FROM `sp_wechat`

[ 2018-05-19T12:15:53+08:00 ] 124.118.106.247 /
INFO: [ app_init ] --START--
INFO: Run Behavior\BuildLiteBehavior [ RunTime:0.000010s ]
INFO: [ app_init ] --END-- [ RunTime:0.000281s ]
INFO: [ app_begin ] --START--
INFO: Run Behavior\ReadHtmlCacheBehavior [ RunTime:0.000370s ]
INFO: [ app_begin ] --END-- [ RunTime:0.000401s ]
INFO: [ view_parse ] --START--
INFO: Run Behavior\ParseTemplateBehavior [ RunTime:0.000279s ]
INFO: [ view_parse ] --END-- [ RunTime:0.000309s ]
INFO: [ view_filter ] --START--
INFO: Run Behavior\WriteHtmlCacheBehavior [ RunTime:0.000206s ]
INFO: [ view_filter ] --END-- [ RunTime:0.000230s ]
INFO: [ app_end ] --START--
INFO: Run Behavior\ShowPageTraceBehavior [ RunTime:0.000387s ]
INFO: [ app_end ] --END-- [ RunTime:0.000412s ]

[ 2018-05-19T12:15:54+08:00 ] 124.118.106.247 /
INFO: [ app_init ] --START--
INFO: Run Behavior\BuildLiteBehavior [ RunTime:0.000010s ]
INFO: [ app_init ] --END-- [ RunTime:0.000248s ]
INFO: [ app_begin ] --START--
INFO: Run Behavior\ReadHtmlCacheBehavior [ RunTime:0.000323s ]
INFO: [ app_begin ] --END-- [ RunTime:0.000353s ]
INFO: [ view_parse ] --START--
INFO: Run Behavior\ParseTemplateBehavior [ RunTime:0.000166s ]
INFO: [ view_parse ] --END-- [ RunTime:0.000199s ]
INFO: [ view_filter ] --START--
INFO: Run Behavior\WriteHtmlCacheBehavior [ RunTime:0.000166s ]
INFO: [ view_filter ] --END-- [ RunTime:0.000190s ]
INFO: [ app_end ] --START--
INFO: Run Behavior\ShowPageTraceBehavior [ RunTime:0.000338s ]
INFO: [ app_end ] --END-- [ RunTime:0.000363s ]

[ 2018-05-19T12:17:39+08:00 ] 211.64.240.239 /index.php/Home/Wechat/Img
INFO: [ app_init ] --START--
INFO: Run Behavior\BuildLiteBehavior [ RunTime:0.000011s ]
INFO: [ app_init ] --END-- [ RunTime:0.000249s ]
INFO: [ app_begin ] --START--
INFO: Run Behavior\ReadHtmlCacheBehavior [ RunTime:0.000535s ]
INFO: [ app_begin ] --END-- [ RunTime:0.000577s ]
SQL: SHOW COLUMNS FROM `zw_wechat` [ RunTime:0.0018s ]
ERR: 1146:Table 'seatmanage.sp_wechat' doesn't exist
 [ SQL语句 ] : SHOW COLUMNS FROM `sp_wechat`
ERR: 1146:Table 'seatmanage.sp_wechat' doesn't exist
 [ SQL语句 ] : SHOW COLUMNS FROM `sp_wechat`

[ 2018-05-19T12:30:58+08:00 ] 124.118.106.247 /
INFO: [ app_init ] --START--
INFO: Run Behavior\BuildLiteBehavior [ RunTime:0.000011s ]
INFO: [ app_init ] --END-- [ RunTime:0.000282s ]
INFO: [ app_begin ] --START--
INFO: Run Behavior\ReadHtmlCacheBehavior [ RunTime:0.000352s ]
INFO: [ app_begin ] --END-- [ RunTime:0.000382s ]
INFO: [ view_parse ] --START--
INFO: Run Behavior\ParseTemplateBehavior [ RunTime:0.000265s ]
INFO: [ view_parse ] --END-- [ RunTime:0.000293s ]
INFO: [ view_filter ] --START--
INFO: Run Behavior\WriteHtmlCacheBehavior [ RunTime:0.000199s ]
INFO: [ view_filter ] --END-- [ RunTime:0.000223s ]
INFO: [ app_end ] --START--
INFO: Run Behavior\ShowPageTraceBehavior [ RunTime:0.000390s ]
INFO: [ app_end ] --END-- [ RunTime:0.000422s ]

[ 2018-05-19T12:30:59+08:00 ] 124.118.106.247 /
INFO: [ app_init ] --START--
INFO: Run Behavior\BuildLiteBehavior [ RunTime:0.000011s ]
INFO: [ app_init ] --END-- [ RunTime:0.000247s ]
INFO: [ app_begin ] --START--
INFO: Run Behavior\ReadHtmlCacheBehavior [ RunTime:0.000364s ]
INFO: [ app_begin ] --END-- [ RunTime:0.000394s ]
INFO: [ view_parse ] --START--
INFO: Run Behavior\ParseTemplateBehavior [ RunTime:0.000175s ]
INFO: [ view_parse ] --END-- [ RunTime:0.000203s ]
INFO: [ view_filter ] --START--
INFO: Run Behavior\WriteHtmlCacheBehavior [ RunTime:0.000172s ]
INFO: [ view_filter ] --END-- [ RunTime:0.000194s ]
INFO: [ app_end ] --START--
INFO: Run Behavior\ShowPageTraceBehavior [ RunTime:0.000349s ]
INFO: [ app_end ] --END-- [ RunTime:0.000374s ]

[ 2018-05-19T12:31:55+08:00 ] 106.120.161.66 /
INFO: [ app_init ] --START--
INFO: Run Behavior\BuildLiteBehavior [ RunTime:0.000010s ]
INFO: [ app_init ] --END-- [ RunTime:0.000252s ]
INFO: [ app_begin ] --START--
INFO: Run Behavior\ReadHtmlCacheBehavior [ RunTime:0.000338s ]
INFO: [ app_begin ] --END-- [ RunTime:0.000368s ]
INFO: [ view_parse ] --START--
INFO: Run Behavior\ParseTemplateBehavior [ RunTime:0.000174s ]
INFO: [ view_parse ] --END-- [ RunTime:0.000206s ]
INFO: [ view_filter ] --START--
INFO: Run Behavior\WriteHtmlCacheBehavior [ RunTime:0.000175s ]
INFO: [ view_filter ] --END-- [ RunTime:0.000198s ]
INFO: [ app_end ] --START--
INFO: Run Behavior\ShowPageTraceBehavior [ RunTime:0.000352s ]
INFO: [ app_end ] --END-- [ RunTime:0.000377s ]

[ 2018-05-19T12:32:07+08:00 ] 101.199.112.53 /
INFO: [ app_init ] --START--
INFO: Run Behavior\BuildLiteBehavior [ RunTime:0.000010s ]
INFO: [ app_init ] --END-- [ RunTime:0.000264s ]
INFO: [ app_begin ] --START--
INFO: Run Behavior\ReadHtmlCacheBehavior [ RunTime:0.000401s ]
INFO: [ app_begin ] --END-- [ RunTime:0.000439s ]
INFO: [ view_parse ] --START--
INFO: Run Behavior\ParseTemplateBehavior [ RunTime:0.000239s ]
INFO: [ view_parse ] --END-- [ RunTime:0.000288s ]
INFO: [ view_filter ] --START--
INFO: Run Behavior\WriteHtmlCacheBehavior [ RunTime:0.000226s ]
INFO: [ view_filter ] --END-- [ RunTime:0.000261s ]
INFO: [ app_end ] --START--
INFO: Run Behavior\ShowPageTraceBehavior [ RunTime:0.000461s ]
INFO: [ app_end ] --END-- [ RunTime:0.000499s ]

[ 2018-05-19T12:32:10+08:00 ] 180.163.220.96 /
INFO: [ app_init ] --START--
INFO: Run Behavior\BuildLiteBehavior [ RunTime:0.000014s ]
INFO: [ app_init ] --END-- [ RunTime:0.000285s ]
INFO: [ app_begin ] --START--
INFO: Run Behavior\ReadHtmlCacheBehavior [ RunTime:0.000365s ]
INFO: [ app_begin ] --END-- [ RunTime:0.000394s ]
INFO: [ view_parse ] --START--
INFO: Run Behavior\ParseTemplateBehavior [ RunTime:0.000217s ]
INFO: [ view_parse ] --END-- [ RunTime:0.000247s ]
INFO: [ view_filter ] --START--
INFO: Run Behavior\WriteHtmlCacheBehavior [ RunTime:0.000230s ]
INFO: [ view_filter ] --END-- [ RunTime:0.000254s ]
INFO: [ app_end ] --START--
INFO: Run Behavior\ShowPageTraceBehavior [ RunTime:0.000391s ]
INFO: [ app_end ] --END-- [ RunTime:0.000418s ]

[ 2018-05-19T12:32:11+08:00 ] 101.199.108.118 /
INFO: [ app_init ] --START--
INFO: Run Behavior\BuildLiteBehavior [ RunTime:0.000010s ]
INFO: [ app_init ] --END-- [ RunTime:0.000256s ]
INFO: [ app_begin ] --START--
INFO: Run Behavior\ReadHtmlCacheBehavior [ RunTime:0.000327s ]
INFO: [ app_begin ] --END-- [ RunTime:0.000357s ]
INFO: [ view_parse ] --START--
INFO: Run Behavior\ParseTemplateBehavior [ RunTime:0.000171s ]
INFO: [ view_parse ] --END-- [ RunTime:0.000199s ]
INFO: [ view_filter ] --START--
INFO: Run Behavior\WriteHtmlCacheBehavior [ RunTime:0.000173s ]
INFO: [ view_filter ] --END-- [ RunTime:0.000196s ]
INFO: [ app_end ] --START--
INFO: Run Behavior\ShowPageTraceBehavior [ RunTime:0.000344s ]
INFO: [ app_end ] --END-- [ RunTime:0.000368s ]

[ 2018-05-19T12:32:15+08:00 ] 101.199.110.114 /
INFO: [ app_init ] --START--
INFO: Run Behavior\BuildLiteBehavior [ RunTime:0.000010s ]
INFO: [ app_init ] --END-- [ RunTime:0.000242s ]
INFO: [ app_begin ] --START--
INFO: Run Behavior\ReadHtmlCacheBehavior [ RunTime:0.000319s ]
INFO: [ app_begin ] --END-- [ RunTime:0.000346s ]
INFO: [ view_parse ] --START--
INFO: Run Behavior\ParseTemplateBehavior [ RunTime:0.000164s ]
INFO: [ view_parse ] --END-- [ RunTime:0.000192s ]
INFO: [ view_filter ] --START--
INFO: Run Behavior\WriteHtmlCacheBehavior [ RunTime:0.000168s ]
INFO: [ view_filter ] --END-- [ RunTime:0.000190s ]
INFO: [ app_end ] --START--
INFO: Run Behavior\ShowPageTraceBehavior [ RunTime:0.000372s ]
INFO: [ app_end ] --END-- [ RunTime:0.000403s ]

[ 2018-05-19T12:32:21+08:00 ] 101.199.120.145 /
INFO: [ app_init ] --START--
INFO: Run Behavior\BuildLiteBehavior [ RunTime:0.000016s ]
INFO: [ app_init ] --END-- [ RunTime:0.000362s ]
INFO: [ app_begin ] --START--
INFO: Run Behavior\ReadHtmlCacheBehavior [ RunTime:0.000407s ]
INFO: [ app_begin ] --END-- [ RunTime:0.000445s ]
INFO: [ view_parse ] --START--
INFO: Run Behavior\ParseTemplateBehavior [ RunTime:0.000269s ]
INFO: [ view_parse ] --END-- [ RunTime:0.000314s ]
INFO: [ view_filter ] --START--
INFO: Run Behavior\WriteHtmlCacheBehavior [ RunTime:0.000233s ]
INFO: [ view_filter ] --END-- [ RunTime:0.000262s ]
INFO: [ app_end ] --START--
INFO: Run Behavior\ShowPageTraceBehavior [ RunTime:0.000355s ]
INFO: [ app_end ] --END-- [ RunTime:0.000380s ]

[ 2018-05-19T23:07:58+08:00 ] 112.8.38.200 /index.php/Home/Wechat/Img
INFO: [ app_init ] --START--
INFO: Run Behavior\BuildLiteBehavior [ RunTime:0.000009s ]
INFO: [ app_init ] --END-- [ RunTime:0.000298s ]
INFO: [ app_begin ] --START--
INFO: Run Behavior\ReadHtmlCacheBehavior [ RunTime:0.000356s ]
INFO: [ app_begin ] --END-- [ RunTime:0.000388s ]
SQL: SHOW COLUMNS FROM `zw_wechat` [ RunTime:0.0016s ]
ERR: 1146:Table 'seatmanage.sp_wechat' doesn't exist
 [ SQL语句 ] : SHOW COLUMNS FROM `sp_wechat`
ERR: 1146:Table 'seatmanage.sp_wechat' doesn't exist
 [ SQL语句 ] : SHOW COLUMNS FROM `sp_wechat`

[ 2018-05-19T23:08:57+08:00 ] 112.8.38.200 /index.php/Home/Wechat/Img
INFO: [ app_init ] --START--
INFO: Run Behavior\BuildLiteBehavior [ RunTime:0.000010s ]
INFO: [ app_init ] --END-- [ RunTime:0.000254s ]
INFO: [ app_begin ] --START--
INFO: Run Behavior\ReadHtmlCacheBehavior [ RunTime:0.000333s ]
INFO: [ app_begin ] --END-- [ RunTime:0.000368s ]
SQL: SHOW COLUMNS FROM `zw_wechat` [ RunTime:0.0014s ]
ERR: 1146:Table 'seatmanage.sp_wechat' doesn't exist
 [ SQL语句 ] : SHOW COLUMNS FROM `sp_wechat`
ERR: 1146:Table 'seatmanage.sp_wechat' doesn't exist
 [ SQL语句 ] : SHOW COLUMNS FROM `sp_wechat`

[ 2018-05-19T23:09:09+08:00 ] 112.8.38.200 /index.php/Home/Wechat/Img
INFO: [ app_init ] --START--
INFO: Run Behavior\BuildLiteBehavior [ RunTime:0.000010s ]
INFO: [ app_init ] --END-- [ RunTime:0.000250s ]
INFO: [ app_begin ] --START--
INFO: Run Behavior\ReadHtmlCacheBehavior [ RunTime:0.000323s ]
INFO: [ app_begin ] --END-- [ RunTime:0.000353s ]
SQL: SHOW COLUMNS FROM `zw_wechat` [ RunTime:0.0018s ]
ERR: 1146:Table 'seatmanage.sp_wechat' doesn't exist
 [ SQL语句 ] : SHOW COLUMNS FROM `sp_wechat`
ERR: 1146:Table 'seatmanage.sp_wechat' doesn't exist
 [ SQL语句 ] : SHOW COLUMNS FROM `sp_wechat`

[ 2018-05-19T23:11:25+08:00 ] 112.8.38.200 /index.php/Home/Wechat/Img
INFO: [ app_init ] --START--
INFO: Run Behavior\BuildLiteBehavior [ RunTime:0.000010s ]
INFO: [ app_init ] --END-- [ RunTime:0.000281s ]
INFO: [ app_begin ] --START--
INFO: Run Behavior\ReadHtmlCacheBehavior [ RunTime:0.000362s ]
INFO: [ app_begin ] --END-- [ RunTime:0.000393s ]
SQL: SHOW COLUMNS FROM `zw_wechat` [ RunTime:0.0016s ]
ERR: 1146:Table 'seatmanage.sp_wechat' doesn't exist
 [ SQL语句 ] : SHOW COLUMNS FROM `sp_wechat`
ERR: 1146:Table 'seatmanage.sp_wechat' doesn't exist
 [ SQL语句 ] : SHOW COLUMNS FROM `sp_wechat`

[ 2018-05-19T23:11:29+08:00 ] 112.8.38.200 /index.php/Home/Wechat/Img
INFO: [ app_init ] --START--
INFO: Run Behavior\BuildLiteBehavior [ RunTime:0.000009s ]
INFO: [ app_init ] --END-- [ RunTime:0.000247s ]
INFO: [ app_begin ] --START--
INFO: Run Behavior\ReadHtmlCacheBehavior [ RunTime:0.000355s ]
INFO: [ app_begin ] --END-- [ RunTime:0.000386s ]
SQL: SHOW COLUMNS FROM `zw_wechat` [ RunTime:0.0015s ]
ERR: 1146:Table 'seatmanage.sp_wechat' doesn't exist
 [ SQL语句 ] : SHOW COLUMNS FROM `sp_wechat`
ERR: 1146:Table 'seatmanage.sp_wechat' doesn't exist
 [ SQL语句 ] : SHOW COLUMNS FROM `sp_wechat`

[ 2018-05-19T23:11:56+08:00 ] 112.8.38.200 /index.php/Home/Wechat/Img
INFO: [ app_init ] --START--
INFO: Run Behavior\BuildLiteBehavior [ RunTime:0.000033s ]
INFO: [ app_init ] --END-- [ RunTime:0.000314s ]
INFO: [ app_begin ] --START--
INFO: Run Behavior\ReadHtmlCacheBehavior [ RunTime:0.000450s ]
INFO: [ app_begin ] --END-- [ RunTime:0.000496s ]
SQL: SHOW COLUMNS FROM `zw_wechat` [ RunTime:0.0018s ]
ERR: 1146:Table 'seatmanage.sp_wechat' doesn't exist
 [ SQL语句 ] : SHOW COLUMNS FROM `sp_wechat`
ERR: 1146:Table 'seatmanage.sp_wechat' doesn't exist
 [ SQL语句 ] : SHOW COLUMNS FROM `sp_wechat`

[ 2018-05-19T23:12:37+08:00 ] 112.8.38.200 /index.php/Home/Wechat/Img
INFO: [ app_init ] --START--
INFO: Run Behavior\BuildLiteBehavior [ RunTime:0.000009s ]
INFO: [ app_init ] --END-- [ RunTime:0.000250s ]
INFO: [ app_begin ] --START--
INFO: Run Behavior\ReadHtmlCacheBehavior [ RunTime:0.000316s ]
INFO: [ app_begin ] --END-- [ RunTime:0.000345s ]
SQL: SHOW COLUMNS FROM `zw_wechat` [ RunTime:0.0015s ]
ERR: 1146:Table 'seatmanage.sp_wechat' doesn't exist
 [ SQL语句 ] : SHOW COLUMNS FROM `sp_wechat`
ERR: 1146:Table 'seatmanage.sp_wechat' doesn't exist
 [ SQL语句 ] : SHOW COLUMNS FROM `sp_wechat`

[ 2018-05-19T23:13:58+08:00 ] 112.8.38.200 /index.php/Home/Wechat/Img
INFO: [ app_init ] --START--
INFO: Run Behavior\BuildLiteBehavior [ RunTime:0.000016s ]
INFO: [ app_init ] --END-- [ RunTime:0.000367s ]
INFO: [ app_begin ] --START--
INFO: Run Behavior\ReadHtmlCacheBehavior [ RunTime:0.000414s ]
INFO: [ app_begin ] --END-- [ RunTime:0.000448s ]
SQL: SHOW COLUMNS FROM `zw_wechat` [ RunTime:0.0020s ]
ERR: 1146:Table 'seatmanage.sp_wechat' doesn't exist
 [ SQL语句 ] : SHOW COLUMNS FROM `sp_wechat`
ERR: 1146:Table 'seatmanage.sp_wechat' doesn't exist
 [ SQL语句 ] : SHOW COLUMNS FROM `sp_wechat`

[ 2018-05-19T23:14:09+08:00 ] 112.8.38.200 /index.php/Home/Wechat/Img
INFO: [ app_init ] --START--
INFO: Run Behavior\BuildLiteBehavior [ RunTime:0.000011s ]
INFO: [ app_init ] --END-- [ RunTime:0.000242s ]
INFO: [ app_begin ] --START--
INFO: Run Behavior\ReadHtmlCacheBehavior [ RunTime:0.000322s ]
INFO: [ app_begin ] --END-- [ RunTime:0.000351s ]
SQL: SHOW COLUMNS FROM `zw_wechat` [ RunTime:0.0017s ]
ERR: 1146:Table 'seatmanage.sp_wechat' doesn't exist
 [ SQL语句 ] : SHOW COLUMNS FROM `sp_wechat`
ERR: 1146:Table 'seatmanage.sp_wechat' doesn't exist
 [ SQL语句 ] : SHOW COLUMNS FROM `sp_wechat`

[ 2018-05-19T23:14:29+08:00 ] 112.8.38.200 /index.php/Home/Wechat/Img
INFO: [ app_init ] --START--
INFO: Run Behavior\BuildLiteBehavior [ RunTime:0.000011s ]
INFO: [ app_init ] --END-- [ RunTime:0.000263s ]
INFO: [ app_begin ] --START--
INFO: Run Behavior\ReadHtmlCacheBehavior [ RunTime:0.000424s ]
INFO: [ app_begin ] --END-- [ RunTime:0.000493s ]
SQL: SHOW COLUMNS FROM `zw_wechat` [ RunTime:0.0016s ]
ERR: 1146:Table 'seatmanage.sp_wechat' doesn't exist
 [ SQL语句 ] : SHOW COLUMNS FROM `sp_wechat`
ERR: 1146:Table 'seatmanage.sp_wechat' doesn't exist
 [ SQL语句 ] : SHOW COLUMNS FROM `sp_wechat`

[ 2018-05-19T23:18:13+08:00 ] 112.8.38.200 /index.php/Home/Wechat/Img
INFO: [ app_init ] --START--
INFO: Run Behavior\BuildLiteBehavior [ RunTime:0.000011s ]
INFO: [ app_init ] --END-- [ RunTime:0.000300s ]
INFO: [ app_begin ] --START--
INFO: Run Behavior\ReadHtmlCacheBehavior [ RunTime:0.000416s ]
INFO: [ app_begin ] --END-- [ RunTime:0.000449s ]
SQL: SHOW COLUMNS FROM `zw_wechat` [ RunTime:0.0016s ]
ERR: 1146:Table 'seatmanage.sp_wechat' doesn't exist
 [ SQL语句 ] : SHOW COLUMNS FROM `sp_wechat`
ERR: 1146:Table 'seatmanage.sp_wechat' doesn't exist
 [ SQL语句 ] : SHOW COLUMNS FROM `sp_wechat`

[ 2018-05-19T23:18:26+08:00 ] 112.8.38.200 /index.php/Home/Wechat/Img
INFO: [ app_init ] --START--
INFO: Run Behavior\BuildLiteBehavior [ RunTime:0.000011s ]
INFO: [ app_init ] --END-- [ RunTime:0.000262s ]
INFO: [ app_begin ] --START--
INFO: Run Behavior\ReadHtmlCacheBehavior [ RunTime:0.000323s ]
INFO: [ app_begin ] --END-- [ RunTime:0.000353s ]
SQL: SHOW COLUMNS FROM `zw_wechat` [ RunTime:0.0019s ]
ERR: 1146:Table 'seatmanage.sp_wechat' doesn't exist
 [ SQL语句 ] : SHOW COLUMNS FROM `sp_wechat`
ERR: 1146:Table 'seatmanage.sp_wechat' doesn't exist
 [ SQL语句 ] : SHOW COLUMNS FROM `sp_wechat`

[ 2018-05-19T23:19:11+08:00 ] 112.8.38.200 /index.php/Home/Wechat/Img
INFO: [ app_init ] --START--
INFO: Run Behavior\BuildLiteBehavior [ RunTime:0.000016s ]
INFO: [ app_init ] --END-- [ RunTime:0.000425s ]
INFO: [ app_begin ] --START--
INFO: Run Behavior\ReadHtmlCacheBehavior [ RunTime:0.000471s ]
INFO: [ app_begin ] --END-- [ RunTime:0.000512s ]
SQL: SHOW COLUMNS FROM `zw_wechat` [ RunTime:0.0025s ]
ERR: 1146:Table 'seatmanage.sp_wechat' doesn't exist
 [ SQL语句 ] : SHOW COLUMNS FROM `sp_wechat`
ERR: 1146:Table 'seatmanage.sp_wechat' doesn't exist
 [ SQL语句 ] : SHOW COLUMNS FROM `sp_wechat`

[ 2018-05-19T23:19:19+08:00 ] 112.8.38.200 /index.php/Home/Wechat/Img
INFO: [ app_init ] --START--
INFO: Run Behavior\BuildLiteBehavior [ RunTime:0.000013s ]
INFO: [ app_init ] --END-- [ RunTime:0.000361s ]
INFO: [ app_begin ] --START--
INFO: Run Behavior\ReadHtmlCacheBehavior [ RunTime:0.000542s ]
INFO: [ app_begin ] --END-- [ RunTime:0.000587s ]
SQL: SHOW COLUMNS FROM `zw_wechat` [ RunTime:0.0022s ]
ERR: 1146:Table 'seatmanage.sp_wechat' doesn't exist
 [ SQL语句 ] : SHOW COLUMNS FROM `sp_wechat`
ERR: 1146:Table 'seatmanage.sp_wechat' doesn't exist
 [ SQL语句 ] : SHOW COLUMNS FROM `sp_wechat`

[ 2018-05-19T23:19:34+08:00 ] 112.8.38.200 /index.php/Home/Wechat/Img
INFO: [ app_init ] --START--
INFO: Run Behavior\BuildLiteBehavior [ RunTime:0.000011s ]
INFO: [ app_init ] --END-- [ RunTime:0.000244s ]
INFO: [ app_begin ] --START--
INFO: Run Behavior\ReadHtmlCacheBehavior [ RunTime:0.000333s ]
INFO: [ app_begin ] --END-- [ RunTime:0.000364s ]
SQL: SHOW COLUMNS FROM `zw_wechat` [ RunTime:0.0017s ]
ERR: 1146:Table 'seatmanage.sp_wechat' doesn't exist
 [ SQL语句 ] : SHOW COLUMNS FROM `sp_wechat`
ERR: 1146:Table 'seatmanage.sp_wechat' doesn't exist
 [ SQL语句 ] : SHOW COLUMNS FROM `sp_wechat`

[ 2018-05-19T23:19:42+08:00 ] 112.8.38.200 /index.php/Home/Wechat/Img
INFO: [ app_init ] --START--
INFO: Run Behavior\BuildLiteBehavior [ RunTime:0.000016s ]
INFO: [ app_init ] --END-- [ RunTime:0.000266s ]
INFO: [ app_begin ] --START--
INFO: Run Behavior\ReadHtmlCacheBehavior [ RunTime:0.000412s ]
INFO: [ app_begin ] --END-- [ RunTime:0.000452s ]
SQL: SHOW COLUMNS FROM `zw_wechat` [ RunTime:0.0017s ]
ERR: 1146:Table 'seatmanage.sp_wechat' doesn't exist
 [ SQL语句 ] : SHOW COLUMNS FROM `sp_wechat`
ERR: 1146:Table 'seatmanage.sp_wechat' doesn't exist
 [ SQL语句 ] : SHOW COLUMNS FROM `sp_wechat`

[ 2018-05-19T23:20:16+08:00 ] 112.8.38.200 /index.php/Home/Wechat/Img
INFO: [ app_init ] --START--
INFO: Run Behavior\BuildLiteBehavior [ RunTime:0.000011s ]
INFO: [ app_init ] --END-- [ RunTime:0.000281s ]
INFO: [ app_begin ] --START--
INFO: Run Behavior\ReadHtmlCacheBehavior [ RunTime:0.000357s ]
INFO: [ app_begin ] --END-- [ RunTime:0.000388s ]
SQL: SHOW COLUMNS FROM `zw_wechat` [ RunTime:0.0016s ]
ERR: 1146:Table 'seatmanage.sp_wechat' doesn't exist
 [ SQL语句 ] : SHOW COLUMNS FROM `sp_wechat`
ERR: 1146:Table 'seatmanage.sp_wechat' doesn't exist
 [ SQL语句 ] : SHOW COLUMNS FROM `sp_wechat`

[ 2018-05-19T23:20:45+08:00 ] 112.8.38.200 /index.php/Home/Wechat/Img
INFO: [ app_init ] --START--
INFO: Run Behavior\BuildLiteBehavior [ RunTime:0.000011s ]
INFO: [ app_init ] --END-- [ RunTime:0.000257s ]
INFO: [ app_begin ] --START--
INFO: Run Behavior\ReadHtmlCacheBehavior [ RunTime:0.000328s ]
INFO: [ app_begin ] --END-- [ RunTime:0.000360s ]
SQL: SHOW COLUMNS FROM `zw_wechat` [ RunTime:0.0020s ]
ERR: 1146:Table 'seatmanage.sp_wechat' doesn't exist
 [ SQL语句 ] : SHOW COLUMNS FROM `sp_wechat`
ERR: 1146:Table 'seatmanage.sp_wechat' doesn't exist
 [ SQL语句 ] : SHOW COLUMNS FROM `sp_wechat`

[ 2018-05-19T23:21:11+08:00 ] 112.8.38.200 /index.php/Home/Wechat/Img
INFO: [ app_init ] --START--
INFO: Run Behavior\BuildLiteBehavior [ RunTime:0.000009s ]
INFO: [ app_init ] --END-- [ RunTime:0.000245s ]
INFO: [ app_begin ] --START--
INFO: Run Behavior\ReadHtmlCacheBehavior [ RunTime:0.000315s ]
INFO: [ app_begin ] --END-- [ RunTime:0.000344s ]
SQL: SHOW COLUMNS FROM `zw_wechat` [ RunTime:0.0016s ]
ERR: 1146:Table 'seatmanage.sp_wechat' doesn't exist
 [ SQL语句 ] : SHOW COLUMNS FROM `sp_wechat`
ERR: 1146:Table 'seatmanage.sp_wechat' doesn't exist
 [ SQL语句 ] : SHOW COLUMNS FROM `sp_wechat`

[ 2018-05-19T23:21:17+08:00 ] 112.8.38.200 /index.php/Home/Wechat/Img
INFO: [ app_init ] --START--
INFO: Run Behavior\BuildLiteBehavior [ RunTime:0.000010s ]
INFO: [ app_init ] --END-- [ RunTime:0.000236s ]
INFO: [ app_begin ] --START--
INFO: Run Behavior\ReadHtmlCacheBehavior [ RunTime:0.000318s ]
INFO: [ app_begin ] --END-- [ RunTime:0.000347s ]
SQL: SHOW COLUMNS FROM `zw_wechat` [ RunTime:0.0014s ]
ERR: 1146:Table 'seatmanage.sp_wechat' doesn't exist
 [ SQL语句 ] : SHOW COLUMNS FROM `sp_wechat`
ERR: 1146:Table 'seatmanage.sp_wechat' doesn't exist
 [ SQL语句 ] : SHOW COLUMNS FROM `sp_wechat`

[ 2018-05-19T23:49:43+08:00 ] 112.8.38.200 /index.php/Home/Wechat/Img
INFO: [ app_init ] --START--
INFO: Run Behavior\BuildLiteBehavior [ RunTime:0.000012s ]
INFO: [ app_init ] --END-- [ RunTime:0.000299s ]
INFO: [ app_begin ] --START--
INFO: Run Behavior\ReadHtmlCacheBehavior [ RunTime:0.000357s ]
INFO: [ app_begin ] --END-- [ RunTime:0.000389s ]
SQL: SHOW COLUMNS FROM `zw_wechat` [ RunTime:0.0015s ]
ERR: 1146:Table 'seatmanage.sp_wechat' doesn't exist
 [ SQL语句 ] : SHOW COLUMNS FROM `sp_wechat`
ERR: 1146:Table 'seatmanage.sp_wechat' doesn't exist
 [ SQL语句 ] : SHOW COLUMNS FROM `sp_wechat`

