[ 2018-05-30T19:33:58+08:00 ] 111.37.20.204 /index.php/Home/Wechat/Imgshow
INFO: [ app_init ] --START--
INFO: Run Behavior\BuildLiteBehavior [ RunTime:0.000021s ]
INFO: [ app_init ] --END-- [ RunTime:0.000508s ]
INFO: [ app_begin ] --START--
INFO: Run Behavior\ReadHtmlCacheBehavior [ RunTime:0.000575s ]
INFO: [ app_begin ] --END-- [ RunTime:0.000620s ]
SQL: SHOW COLUMNS FROM `zw_wechat` [ RunTime:0.0350s ]
SQL: SHOW COLUMNS FROM `zw_wechat` [ RunTime:0.0300s ]
SQL: SELECT t1.id,t2.picture as file FROM zw_wechat as t1,zw_wechat as t2 WHERE ( t1.id = t2.id )  [ RunTime:0.0003s ]
INFO: [ app_end ] --START--
INFO: Run Behavior\ShowPageTraceBehavior [ RunTime:0.000759s ]
INFO: [ app_end ] --END-- [ RunTime:0.000795s ]

[ 2018-05-30T19:34:20+08:00 ] 111.37.20.204 /index.php/Home/Wechat/Imgshow
INFO: [ app_init ] --START--
INFO: Run Behavior\BuildLiteBehavior [ RunTime:0.000019s ]
INFO: [ app_init ] --END-- [ RunTime:0.000515s ]
INFO: [ app_begin ] --START--
INFO: Run Behavior\ReadHtmlCacheBehavior [ RunTime:0.000568s ]
INFO: [ app_begin ] --END-- [ RunTime:0.000618s ]
SQL: SHOW COLUMNS FROM `zw_wechat` [ RunTime:0.0026s ]
SQL: SHOW COLUMNS FROM `zw_wechat` [ RunTime:0.0015s ]
SQL: SELECT t1.id,t2.picture as file FROM zw_wechat as t1,zw_wechat as t2 WHERE ( t1.id = t2.id )  [ RunTime:0.0001s ]
INFO: [ app_end ] --START--
INFO: Run Behavior\ShowPageTraceBehavior [ RunTime:0.000722s ]
INFO: [ app_end ] --END-- [ RunTime:0.000755s ]

[ 2018-05-30T19:34:21+08:00 ] 111.37.20.204 /index.php/Home/Wechat/GetOpenid?code=011TDSE52OpTOK09LnG52bt2F52TDSEt
INFO: [ app_init ] --START--
INFO: Run Behavior\BuildLiteBehavior [ RunTime:0.000015s ]
INFO: [ app_init ] --END-- [ RunTime:0.000276s ]
INFO: [ app_begin ] --START--
INFO: Run Behavior\ReadHtmlCacheBehavior [ RunTime:0.000372s ]
INFO: [ app_begin ] --END-- [ RunTime:0.000408s ]
NOTIC: [8] Undefined index: openid C:\wwwroot\lyutu.lyu520.cn\Application\Home\Controller\WechatController.class.php 第 105 行.
INFO: [ app_end ] --START--
INFO: Run Behavior\ShowPageTraceBehavior [ RunTime:0.000741s ]
INFO: [ app_end ] --END-- [ RunTime:0.000786s ]

[ 2018-05-30T19:39:46+08:00 ] 111.37.20.204 /index.php/Home/Wechat/Imgshow
INFO: [ app_init ] --START--
INFO: Run Behavior\BuildLiteBehavior [ RunTime:0.000015s ]
INFO: [ app_init ] --END-- [ RunTime:0.000389s ]
INFO: [ app_begin ] --START--
INFO: Run Behavior\ReadHtmlCacheBehavior [ RunTime:0.000548s ]
INFO: [ app_begin ] --END-- [ RunTime:0.000591s ]
SQL: SHOW COLUMNS FROM `zw_wechat` [ RunTime:0.0023s ]
SQL: SHOW COLUMNS FROM `zw_wechat` [ RunTime:0.0021s ]
SQL: SELECT t1.id,t2.picture as file FROM zw_wechat as t1,zw_wechat as t2 WHERE ( t1.id = t2.id )  [ RunTime:0.0002s ]
INFO: [ app_end ] --START--
INFO: Run Behavior\ShowPageTraceBehavior [ RunTime:0.000730s ]
INFO: [ app_end ] --END-- [ RunTime:0.000764s ]

[ 2018-05-30T19:39:46+08:00 ] 111.37.20.204 /index.php/Home/Wechat/GetOpenid?code=061oOZXN1HO9n31R37YN1AmFXN1oOZX-
INFO: [ app_init ] --START--
INFO: Run Behavior\BuildLiteBehavior [ RunTime:0.000039s ]
INFO: [ app_init ] --END-- [ RunTime:0.000364s ]
INFO: [ app_begin ] --START--
INFO: Run Behavior\ReadHtmlCacheBehavior [ RunTime:0.000448s ]
INFO: [ app_begin ] --END-- [ RunTime:0.000485s ]
NOTIC: [8] Undefined index: openid C:\wwwroot\lyutu.lyu520.cn\Application\Home\Controller\WechatController.class.php 第 105 行.
INFO: [ app_end ] --START--
INFO: Run Behavior\ShowPageTraceBehavior [ RunTime:0.000768s ]
INFO: [ app_end ] --END-- [ RunTime:0.000822s ]

[ 2018-05-30T19:42:30+08:00 ] 111.37.20.204 /index.php/Home/Wechat/Imgshow
INFO: [ app_init ] --START--
INFO: Run Behavior\BuildLiteBehavior [ RunTime:0.000018s ]
INFO: [ app_init ] --END-- [ RunTime:0.000362s ]
INFO: [ app_begin ] --START--
INFO: Run Behavior\ReadHtmlCacheBehavior [ RunTime:0.000580s ]
INFO: [ app_begin ] --END-- [ RunTime:0.000618s ]
SQL: SHOW COLUMNS FROM `zw_wechat` [ RunTime:0.0206s ]
SQL: SHOW COLUMNS FROM `zw_wechat` [ RunTime:0.0020s ]
SQL: SELECT t1.id,t2.picture as file FROM zw_wechat as t1,zw_wechat as t2 WHERE ( t1.id = t2.id )  [ RunTime:0.0003s ]
INFO: [ app_end ] --START--
INFO: Run Behavior\ShowPageTraceBehavior [ RunTime:0.000837s ]
INFO: [ app_end ] --END-- [ RunTime:0.000880s ]

[ 2018-05-30T19:42:30+08:00 ] 111.37.20.204 /index.php/Home/Wechat/GetOpenid?code=071EM8r208d4fD1mkjs20q1Xq20EM8rY
INFO: [ app_init ] --START--
INFO: Run Behavior\BuildLiteBehavior [ RunTime:0.000013s ]
INFO: [ app_init ] --END-- [ RunTime:0.000283s ]
INFO: [ app_begin ] --START--
INFO: Run Behavior\ReadHtmlCacheBehavior [ RunTime:0.000361s ]
INFO: [ app_begin ] --END-- [ RunTime:0.000393s ]
NOTIC: [8] Undefined index: openid C:\wwwroot\lyutu.lyu520.cn\Application\Home\Controller\WechatController.class.php 第 105 行.
INFO: [ app_end ] --START--
INFO: Run Behavior\ShowPageTraceBehavior [ RunTime:0.000848s ]
INFO: [ app_end ] --END-- [ RunTime:0.000913s ]

[ 2018-05-30T19:44:36+08:00 ] 111.37.20.204 /index.php/Home/Wechat/Imgshow
INFO: [ app_init ] --START--
INFO: Run Behavior\BuildLiteBehavior [ RunTime:0.000016s ]
INFO: [ app_init ] --END-- [ RunTime:0.000411s ]
INFO: [ app_begin ] --START--
INFO: Run Behavior\ReadHtmlCacheBehavior [ RunTime:0.000527s ]
INFO: [ app_begin ] --END-- [ RunTime:0.000577s ]
SQL: SHOW COLUMNS FROM `zw_wechat` [ RunTime:0.0025s ]
SQL: SHOW COLUMNS FROM `zw_wechat` [ RunTime:0.0029s ]
SQL: SELECT t1.id,t2.picture as file FROM zw_wechat as t1,zw_wechat as t2 WHERE ( t1.id = t2.id )  [ RunTime:0.0002s ]
INFO: [ app_end ] --START--
INFO: Run Behavior\ShowPageTraceBehavior [ RunTime:0.000820s ]
INFO: [ app_end ] --END-- [ RunTime:0.000859s ]

[ 2018-05-30T19:44:37+08:00 ] 111.37.20.204 /index.php/Home/Wechat/GetOpenid?code=011ujzve13FsJr0XAnwe1IOBve1ujzvN
INFO: [ app_init ] --START--
INFO: Run Behavior\BuildLiteBehavior [ RunTime:0.000018s ]
INFO: [ app_init ] --END-- [ RunTime:0.000393s ]
INFO: [ app_begin ] --START--
INFO: Run Behavior\ReadHtmlCacheBehavior [ RunTime:0.000511s ]
INFO: [ app_begin ] --END-- [ RunTime:0.000556s ]
NOTIC: [8] Undefined index: openid C:\wwwroot\lyutu.lyu520.cn\Application\Home\Controller\WechatController.class.php 第 105 行.
INFO: [ app_end ] --START--
INFO: Run Behavior\ShowPageTraceBehavior [ RunTime:0.000822s ]
INFO: [ app_end ] --END-- [ RunTime:0.000871s ]

[ 2018-05-30T20:18:41+08:00 ] 111.37.20.204 /index.php/Home/Wechat/Imgshow
INFO: [ app_init ] --START--
INFO: Run Behavior\BuildLiteBehavior [ RunTime:0.000026s ]
INFO: [ app_init ] --END-- [ RunTime:0.000596s ]
INFO: [ app_begin ] --START--
INFO: Run Behavior\ReadHtmlCacheBehavior [ RunTime:0.000486s ]
INFO: [ app_begin ] --END-- [ RunTime:0.000618s ]
SQL: SHOW COLUMNS FROM `zw_wechat` [ RunTime:0.0132s ]
SQL: SHOW COLUMNS FROM `zw_wechat` [ RunTime:0.0028s ]
SQL: SELECT t1.id,t2.picture as file FROM zw_wechat as t1,zw_wechat as t2 WHERE ( t1.id = t2.id )  [ RunTime:0.0002s ]
INFO: [ app_end ] --START--
INFO: Run Behavior\ShowPageTraceBehavior [ RunTime:0.000889s ]
INFO: [ app_end ] --END-- [ RunTime:0.000938s ]

[ 2018-05-30T20:18:42+08:00 ] 111.37.20.204 /index.php/Home/Wechat/GetOpenid?code=001o04fU0W2dXW1wDkgU0OxjfU0o04fA
INFO: [ app_init ] --START--
INFO: Run Behavior\BuildLiteBehavior [ RunTime:0.000016s ]
INFO: [ app_init ] --END-- [ RunTime:0.000344s ]
INFO: [ app_begin ] --START--
INFO: Run Behavior\ReadHtmlCacheBehavior [ RunTime:0.000481s ]
INFO: [ app_begin ] --END-- [ RunTime:0.000518s ]
NOTIC: [8] Undefined index: openid C:\wwwroot\lyutu.lyu520.cn\Application\Home\Controller\WechatController.class.php 第 105 行.
INFO: [ app_end ] --START--
INFO: Run Behavior\ShowPageTraceBehavior [ RunTime:0.000703s ]
INFO: [ app_end ] --END-- [ RunTime:0.000760s ]

[ 2018-05-30T20:18:47+08:00 ] 111.37.20.204 /index.php/Home/Wechat/Imgshow
INFO: [ app_init ] --START--
INFO: Run Behavior\BuildLiteBehavior [ RunTime:0.000020s ]
INFO: [ app_init ] --END-- [ RunTime:0.000373s ]
INFO: [ app_begin ] --START--
INFO: Run Behavior\ReadHtmlCacheBehavior [ RunTime:0.000507s ]
INFO: [ app_begin ] --END-- [ RunTime:0.000555s ]
SQL: SHOW COLUMNS FROM `zw_wechat` [ RunTime:0.0782s ]
SQL: SHOW COLUMNS FROM `zw_wechat` [ RunTime:0.0022s ]
SQL: SELECT t1.id,t2.picture as file FROM zw_wechat as t1,zw_wechat as t2 WHERE ( t1.id = t2.id )  [ RunTime:0.0002s ]
INFO: [ app_end ] --START--
INFO: Run Behavior\ShowPageTraceBehavior [ RunTime:0.000687s ]
INFO: [ app_end ] --END-- [ RunTime:0.000724s ]

[ 2018-05-30T20:18:47+08:00 ] 111.37.20.204 /index.php/Home/Wechat/GetOpenid?code=061afOpZ04QeSZ1Q5ZoZ0bMHpZ0afOp7
INFO: [ app_init ] --START--
INFO: Run Behavior\BuildLiteBehavior [ RunTime:0.000016s ]
INFO: [ app_init ] --END-- [ RunTime:0.000389s ]
INFO: [ app_begin ] --START--
INFO: Run Behavior\ReadHtmlCacheBehavior [ RunTime:0.000579s ]
INFO: [ app_begin ] --END-- [ RunTime:0.000637s ]
NOTIC: [8] Undefined index: openid C:\wwwroot\lyutu.lyu520.cn\Application\Home\Controller\WechatController.class.php 第 105 行.
INFO: [ app_end ] --START--
INFO: Run Behavior\ShowPageTraceBehavior [ RunTime:0.000885s ]
INFO: [ app_end ] --END-- [ RunTime:0.000944s ]

[ 2018-05-30T20:19:00+08:00 ] 111.37.20.204 /index.php/Home/Wechat/Imgshow
INFO: [ app_init ] --START--
INFO: Run Behavior\BuildLiteBehavior [ RunTime:0.000015s ]
INFO: [ app_init ] --END-- [ RunTime:0.000302s ]
INFO: [ app_begin ] --START--
INFO: Run Behavior\ReadHtmlCacheBehavior [ RunTime:0.000387s ]
INFO: [ app_begin ] --END-- [ RunTime:0.000419s ]
SQL: SHOW COLUMNS FROM `zw_wechat` [ RunTime:0.0343s ]
SQL: SHOW COLUMNS FROM `zw_wechat` [ RunTime:0.0016s ]
SQL: SELECT t1.id,t2.picture as file FROM zw_wechat as t1,zw_wechat as t2 WHERE ( t1.id = t2.id )  [ RunTime:0.0002s ]
INFO: [ app_end ] --START--
INFO: Run Behavior\ShowPageTraceBehavior [ RunTime:0.000691s ]
INFO: [ app_end ] --END-- [ RunTime:0.000725s ]

[ 2018-05-30T20:19:00+08:00 ] 111.37.20.204 /index.php/Home/Wechat/GetOpenid?code=02133Bq31xmM2O1zU4u31OfIq3133Bq9
INFO: [ app_init ] --START--
INFO: Run Behavior\BuildLiteBehavior [ RunTime:0.000018s ]
INFO: [ app_init ] --END-- [ RunTime:0.000389s ]
INFO: [ app_begin ] --START--
INFO: Run Behavior\ReadHtmlCacheBehavior [ RunTime:0.000439s ]
INFO: [ app_begin ] --END-- [ RunTime:0.000472s ]
NOTIC: [8] Undefined index: openid C:\wwwroot\lyutu.lyu520.cn\Application\Home\Controller\WechatController.class.php 第 105 行.
INFO: [ app_end ] --START--
INFO: Run Behavior\ShowPageTraceBehavior [ RunTime:0.000769s ]
INFO: [ app_end ] --END-- [ RunTime:0.000820s ]

[ 2018-05-30T20:19:58+08:00 ] 111.37.20.204 /index.php/Home/Wechat/Imgshow
INFO: [ app_init ] --START--
INFO: Run Behavior\BuildLiteBehavior [ RunTime:0.000021s ]
INFO: [ app_init ] --END-- [ RunTime:0.000480s ]
INFO: [ app_begin ] --START--
INFO: Run Behavior\ReadHtmlCacheBehavior [ RunTime:0.000605s ]
INFO: [ app_begin ] --END-- [ RunTime:0.000657s ]
SQL: SHOW COLUMNS FROM `zw_wechat` [ RunTime:0.0152s ]
SQL: SHOW COLUMNS FROM `zw_wechat` [ RunTime:0.0022s ]
SQL: SELECT t1.id,t2.picture as file FROM zw_wechat as t1,zw_wechat as t2 WHERE ( t1.id = t2.id )  [ RunTime:0.0002s ]
INFO: [ app_end ] --START--
INFO: Run Behavior\ShowPageTraceBehavior [ RunTime:0.000914s ]
INFO: [ app_end ] --END-- [ RunTime:0.000965s ]

[ 2018-05-30T20:19:58+08:00 ] 111.37.20.204 /index.php/Home/Wechat/GetOpenid?code=061s0STY1V9dF01WXnTY1cC3UY1s0STN
INFO: [ app_init ] --START--
INFO: Run Behavior\BuildLiteBehavior [ RunTime:0.000015s ]
INFO: [ app_init ] --END-- [ RunTime:0.000380s ]
INFO: [ app_begin ] --START--
INFO: Run Behavior\ReadHtmlCacheBehavior [ RunTime:0.000399s ]
INFO: [ app_begin ] --END-- [ RunTime:0.000435s ]
NOTIC: [8] Undefined index: openid C:\wwwroot\lyutu.lyu520.cn\Application\Home\Controller\WechatController.class.php 第 105 行.
INFO: [ app_end ] --START--
INFO: Run Behavior\ShowPageTraceBehavior [ RunTime:0.000899s ]
INFO: [ app_end ] --END-- [ RunTime:0.000963s ]

[ 2018-05-30T20:21:47+08:00 ] 111.37.20.204 /index.php/Home/Wechat/Imgshow
INFO: [ app_init ] --START--
INFO: Run Behavior\BuildLiteBehavior [ RunTime:0.000022s ]
INFO: [ app_init ] --END-- [ RunTime:0.000360s ]
INFO: [ app_begin ] --START--
INFO: Run Behavior\ReadHtmlCacheBehavior [ RunTime:0.000419s ]
INFO: [ app_begin ] --END-- [ RunTime:0.000455s ]
SQL: SHOW COLUMNS FROM `zw_wechat` [ RunTime:0.0452s ]
SQL: SHOW COLUMNS FROM `zw_wechat` [ RunTime:0.0017s ]
SQL: SELECT t1.id,t2.picture as file FROM zw_wechat as t1,zw_wechat as t2 WHERE ( t1.id = t2.id )  [ RunTime:0.0002s ]
INFO: [ app_end ] --START--
INFO: Run Behavior\ShowPageTraceBehavior [ RunTime:0.000688s ]
INFO: [ app_end ] --END-- [ RunTime:0.000729s ]

[ 2018-05-30T20:21:47+08:00 ] 111.37.20.204 /index.php/Home/Wechat/GetOpenid?code=021wNU7w0sv9Vi1dHH8w0KJu7w0wNU7m
INFO: [ app_init ] --START--
INFO: Run Behavior\BuildLiteBehavior [ RunTime:0.000019s ]
INFO: [ app_init ] --END-- [ RunTime:0.000318s ]
INFO: [ app_begin ] --START--
INFO: Run Behavior\ReadHtmlCacheBehavior [ RunTime:0.000369s ]
INFO: [ app_begin ] --END-- [ RunTime:0.000402s ]
NOTIC: [8] Undefined index: openid C:\wwwroot\lyutu.lyu520.cn\Application\Home\Controller\WechatController.class.php 第 105 行.
INFO: [ app_end ] --START--
INFO: Run Behavior\ShowPageTraceBehavior [ RunTime:0.000854s ]
INFO: [ app_end ] --END-- [ RunTime:0.000917s ]

[ 2018-05-30T20:24:20+08:00 ] 111.37.20.204 /index.php/Home/Wechat/Imgshow
INFO: [ app_init ] --START--
INFO: Run Behavior\BuildLiteBehavior [ RunTime:0.000015s ]
INFO: [ app_init ] --END-- [ RunTime:0.000361s ]
INFO: [ app_begin ] --START--
INFO: Run Behavior\ReadHtmlCacheBehavior [ RunTime:0.000535s ]
INFO: [ app_begin ] --END-- [ RunTime:0.000572s ]
SQL: SHOW COLUMNS FROM `zw_wechat` [ RunTime:0.0026s ]
SQL: SHOW COLUMNS FROM `zw_wechat` [ RunTime:0.0020s ]
SQL: SELECT t1.id,t2.picture as file FROM zw_wechat as t1,zw_wechat as t2 WHERE ( t1.id = t2.id )  [ RunTime:0.0002s ]
INFO: [ app_end ] --START--
INFO: Run Behavior\ShowPageTraceBehavior [ RunTime:0.000858s ]
INFO: [ app_end ] --END-- [ RunTime:0.000904s ]

[ 2018-05-30T20:24:21+08:00 ] 111.37.20.204 /index.php/Home/Wechat/GetOpenid?code=0117JIzn1WLpwi02Layn1K7Azn17JIzC
INFO: [ app_init ] --START--
INFO: Run Behavior\BuildLiteBehavior [ RunTime:0.000018s ]
INFO: [ app_init ] --END-- [ RunTime:0.000391s ]
INFO: [ app_begin ] --START--
INFO: Run Behavior\ReadHtmlCacheBehavior [ RunTime:0.000502s ]
INFO: [ app_begin ] --END-- [ RunTime:0.000538s ]
NOTIC: [8] Undefined index: openid C:\wwwroot\lyutu.lyu520.cn\Application\Home\Controller\WechatController.class.php 第 105 行.
INFO: [ app_end ] --START--
INFO: Run Behavior\ShowPageTraceBehavior [ RunTime:0.000885s ]
INFO: [ app_end ] --END-- [ RunTime:0.000931s ]

[ 2018-05-30T20:25:44+08:00 ] 111.37.20.204 /index.php/Home/Wechat/Imgshow
INFO: [ app_init ] --START--
INFO: Run Behavior\BuildLiteBehavior [ RunTime:0.000015s ]
INFO: [ app_init ] --END-- [ RunTime:0.000298s ]
INFO: [ app_begin ] --START--
INFO: Run Behavior\ReadHtmlCacheBehavior [ RunTime:0.000366s ]
INFO: [ app_begin ] --END-- [ RunTime:0.000398s ]
SQL: SHOW COLUMNS FROM `zw_wechat` [ RunTime:0.0202s ]
SQL: SHOW COLUMNS FROM `zw_wechat` [ RunTime:0.0019s ]
SQL: SELECT t1.id,t2.picture as file FROM zw_wechat as t1,zw_wechat as t2 WHERE ( t1.id = t2.id )  [ RunTime:0.0002s ]
INFO: [ app_end ] --START--
INFO: Run Behavior\ShowPageTraceBehavior [ RunTime:0.000764s ]
INFO: [ app_end ] --END-- [ RunTime:0.000805s ]

[ 2018-05-30T20:25:44+08:00 ] 111.37.20.204 /index.php/Home/Wechat/GetOpenid?code=061Y2ISy1hudjg05yeSy18EASy1Y2ISZ
INFO: [ app_init ] --START--
INFO: Run Behavior\BuildLiteBehavior [ RunTime:0.000015s ]
INFO: [ app_init ] --END-- [ RunTime:0.000318s ]
INFO: [ app_begin ] --START--
INFO: Run Behavior\ReadHtmlCacheBehavior [ RunTime:0.000420s ]
INFO: [ app_begin ] --END-- [ RunTime:0.000453s ]
NOTIC: [8] Undefined index: openid C:\wwwroot\lyutu.lyu520.cn\Application\Home\Controller\WechatController.class.php 第 105 行.
INFO: [ app_end ] --START--
INFO: Run Behavior\ShowPageTraceBehavior [ RunTime:0.000893s ]
INFO: [ app_end ] --END-- [ RunTime:0.000951s ]

[ 2018-05-30T20:26:01+08:00 ] 111.37.20.204 /index.php/Home/Wechat/Imgshow
INFO: [ app_init ] --START--
INFO: Run Behavior\BuildLiteBehavior [ RunTime:0.000022s ]
INFO: [ app_init ] --END-- [ RunTime:0.000438s ]
INFO: [ app_begin ] --START--
INFO: Run Behavior\ReadHtmlCacheBehavior [ RunTime:0.000749s ]
INFO: [ app_begin ] --END-- [ RunTime:0.000816s ]
SQL: SHOW COLUMNS FROM `zw_wechat` [ RunTime:0.0020s ]
SQL: SHOW COLUMNS FROM `zw_wechat` [ RunTime:0.0021s ]
SQL: SELECT t1.id,t2.picture as file FROM zw_wechat as t1,zw_wechat as t2 WHERE ( t1.id = t2.id )  [ RunTime:0.0002s ]
INFO: [ app_end ] --START--
INFO: Run Behavior\ShowPageTraceBehavior [ RunTime:0.000793s ]
INFO: [ app_end ] --END-- [ RunTime:0.000840s ]

[ 2018-05-30T20:26:01+08:00 ] 111.37.20.204 /index.php/Home/Wechat/GetOpenid?code=001HW0Qc0o9k7t1A0FOc0X3UPc0HW0Qk
INFO: [ app_init ] --START--
INFO: Run Behavior\BuildLiteBehavior [ RunTime:0.000020s ]
INFO: [ app_init ] --END-- [ RunTime:0.000408s ]
INFO: [ app_begin ] --START--
INFO: Run Behavior\ReadHtmlCacheBehavior [ RunTime:0.000522s ]
INFO: [ app_begin ] --END-- [ RunTime:0.000571s ]
NOTIC: [8] Undefined index: openid C:\wwwroot\lyutu.lyu520.cn\Application\Home\Controller\WechatController.class.php 第 105 行.
INFO: [ app_end ] --START--
INFO: Run Behavior\ShowPageTraceBehavior [ RunTime:0.000983s ]
INFO: [ app_end ] --END-- [ RunTime:0.001106s ]

[ 2018-05-30T20:28:32+08:00 ] 111.37.20.204 /index.php/Home/Wechat/Imgshow
INFO: [ app_init ] --START--
INFO: Run Behavior\BuildLiteBehavior [ RunTime:0.000014s ]
INFO: [ app_init ] --END-- [ RunTime:0.000317s ]
INFO: [ app_begin ] --START--
INFO: Run Behavior\ReadHtmlCacheBehavior [ RunTime:0.000394s ]
INFO: [ app_begin ] --END-- [ RunTime:0.000427s ]
SQL: SHOW COLUMNS FROM `zw_wechat` [ RunTime:0.0025s ]
SQL: SHOW COLUMNS FROM `zw_wechat` [ RunTime:0.0020s ]
SQL: SELECT t1.id,t2.picture as file FROM zw_wechat as t1,zw_wechat as t2 WHERE ( t1.id = t2.id )  [ RunTime:0.0002s ]
INFO: [ app_end ] --START--
INFO: Run Behavior\ShowPageTraceBehavior [ RunTime:0.000760s ]
INFO: [ app_end ] --END-- [ RunTime:0.000797s ]

[ 2018-05-30T20:28:33+08:00 ] 111.37.20.204 /index.php/Home/Wechat/GetOpenid?code=001baBrz1mC6Sg0fjPrz1Rgsrz1baBrp
INFO: [ app_init ] --START--
INFO: Run Behavior\BuildLiteBehavior [ RunTime:0.000016s ]
INFO: [ app_init ] --END-- [ RunTime:0.000364s ]
INFO: [ app_begin ] --START--
INFO: Run Behavior\ReadHtmlCacheBehavior [ RunTime:0.000400s ]
INFO: [ app_begin ] --END-- [ RunTime:0.000441s ]
NOTIC: [8] Undefined index: openid C:\wwwroot\lyutu.lyu520.cn\Application\Home\Controller\WechatController.class.php 第 105 行.
INFO: [ app_end ] --START--
INFO: Run Behavior\ShowPageTraceBehavior [ RunTime:0.000776s ]
INFO: [ app_end ] --END-- [ RunTime:0.000833s ]

[ 2018-05-30T20:28:38+08:00 ] 111.37.20.204 /index.php/Home/Wechat/Imgshow
INFO: [ app_init ] --START--
INFO: Run Behavior\BuildLiteBehavior [ RunTime:0.000019s ]
INFO: [ app_init ] --END-- [ RunTime:0.000428s ]
INFO: [ app_begin ] --START--
INFO: Run Behavior\ReadHtmlCacheBehavior [ RunTime:0.000543s ]
INFO: [ app_begin ] --END-- [ RunTime:0.000579s ]
SQL: SHOW COLUMNS FROM `zw_wechat` [ RunTime:0.0291s ]
SQL: SHOW COLUMNS FROM `zw_wechat` [ RunTime:0.0111s ]
SQL: SELECT t1.id,t2.picture as file FROM zw_wechat as t1,zw_wechat as t2 WHERE ( t1.id = t2.id )  [ RunTime:0.0003s ]
INFO: [ app_end ] --START--
INFO: Run Behavior\ShowPageTraceBehavior [ RunTime:0.000835s ]
INFO: [ app_end ] --END-- [ RunTime:0.000884s ]

[ 2018-05-30T20:28:38+08:00 ] 111.37.20.204 /index.php/Home/Wechat/GetOpenid?code=001NZpZA06xalg29Cf0B0K6sZA0NZpZd
INFO: [ app_init ] --START--
INFO: Run Behavior\BuildLiteBehavior [ RunTime:0.000015s ]
INFO: [ app_init ] --END-- [ RunTime:0.000337s ]
INFO: [ app_begin ] --START--
INFO: Run Behavior\ReadHtmlCacheBehavior [ RunTime:0.000395s ]
INFO: [ app_begin ] --END-- [ RunTime:0.000429s ]
NOTIC: [8] Undefined index: openid C:\wwwroot\lyutu.lyu520.cn\Application\Home\Controller\WechatController.class.php 第 105 行.
INFO: [ app_end ] --START--
INFO: Run Behavior\ShowPageTraceBehavior [ RunTime:0.000925s ]
INFO: [ app_end ] --END-- [ RunTime:0.000978s ]

[ 2018-05-30T20:28:44+08:00 ] 111.37.20.204 /index.php/Home/Wechat/Imgshow
INFO: [ app_init ] --START--
INFO: Run Behavior\BuildLiteBehavior [ RunTime:0.000014s ]
INFO: [ app_init ] --END-- [ RunTime:0.000422s ]
INFO: [ app_begin ] --START--
INFO: Run Behavior\ReadHtmlCacheBehavior [ RunTime:0.000453s ]
INFO: [ app_begin ] --END-- [ RunTime:0.000491s ]
SQL: SHOW COLUMNS FROM `zw_wechat` [ RunTime:0.0025s ]
SQL: SHOW COLUMNS FROM `zw_wechat` [ RunTime:0.0018s ]
SQL: SELECT t1.id,t2.picture as file FROM zw_wechat as t1,zw_wechat as t2 WHERE ( t1.id = t2.id )  [ RunTime:0.0002s ]
INFO: [ app_end ] --START--
INFO: Run Behavior\ShowPageTraceBehavior [ RunTime:0.000588s ]
INFO: [ app_end ] --END-- [ RunTime:0.000621s ]

[ 2018-05-30T20:28:44+08:00 ] 111.37.20.204 /index.php/Home/Wechat/GetOpenid?code=021AYKZb2k4xQO0seN0c2k7KZb2AYKZp
INFO: [ app_init ] --START--
INFO: Run Behavior\BuildLiteBehavior [ RunTime:0.000015s ]
INFO: [ app_init ] --END-- [ RunTime:0.000370s ]
INFO: [ app_begin ] --START--
INFO: Run Behavior\ReadHtmlCacheBehavior [ RunTime:0.000409s ]
INFO: [ app_begin ] --END-- [ RunTime:0.000452s ]
NOTIC: [8] Undefined index: openid C:\wwwroot\lyutu.lyu520.cn\Application\Home\Controller\WechatController.class.php 第 105 行.
INFO: [ app_end ] --START--
INFO: Run Behavior\ShowPageTraceBehavior [ RunTime:0.000951s ]
INFO: [ app_end ] --END-- [ RunTime:0.000997s ]

[ 2018-05-30T20:29:04+08:00 ] 111.37.20.204 /index.php/Home/Wechat/Imgshow
INFO: [ app_init ] --START--
INFO: Run Behavior\BuildLiteBehavior [ RunTime:0.000021s ]
INFO: [ app_init ] --END-- [ RunTime:0.000431s ]
INFO: [ app_begin ] --START--
INFO: Run Behavior\ReadHtmlCacheBehavior [ RunTime:0.000674s ]
INFO: [ app_begin ] --END-- [ RunTime:0.000716s ]
SQL: SHOW COLUMNS FROM `zw_wechat` [ RunTime:0.0189s ]
SQL: SHOW COLUMNS FROM `zw_wechat` [ RunTime:0.0015s ]
SQL: SELECT t1.id,t2.picture as file FROM zw_wechat as t1,zw_wechat as t2 WHERE ( t1.id = t2.id )  [ RunTime:0.0002s ]
INFO: [ app_end ] --START--
INFO: Run Behavior\ShowPageTraceBehavior [ RunTime:0.000674s ]
INFO: [ app_end ] --END-- [ RunTime:0.000708s ]

[ 2018-05-30T20:29:05+08:00 ] 111.37.20.204 /index.php/Home/Wechat/GetOpenid?code=0017kyL32EvVqN0f9GJ325KGL327kyLW
INFO: [ app_init ] --START--
INFO: Run Behavior\BuildLiteBehavior [ RunTime:0.000018s ]
INFO: [ app_init ] --END-- [ RunTime:0.000394s ]
INFO: [ app_begin ] --START--
INFO: Run Behavior\ReadHtmlCacheBehavior [ RunTime:0.000513s ]
INFO: [ app_begin ] --END-- [ RunTime:0.000556s ]
NOTIC: [8] Undefined index: openid C:\wwwroot\lyutu.lyu520.cn\Application\Home\Controller\WechatController.class.php 第 105 行.
INFO: [ app_end ] --START--
INFO: Run Behavior\ShowPageTraceBehavior [ RunTime:0.001005s ]
INFO: [ app_end ] --END-- [ RunTime:0.001066s ]

[ 2018-05-30T20:29:25+08:00 ] 111.37.20.204 /index.php/Home/Wechat/Imgshow
INFO: [ app_init ] --START--
INFO: Run Behavior\BuildLiteBehavior [ RunTime:0.000015s ]
INFO: [ app_init ] --END-- [ RunTime:0.000315s ]
INFO: [ app_begin ] --START--
INFO: Run Behavior\ReadHtmlCacheBehavior [ RunTime:0.000430s ]
INFO: [ app_begin ] --END-- [ RunTime:0.000463s ]
SQL: SHOW COLUMNS FROM `zw_wechat` [ RunTime:0.0199s ]
SQL: SHOW COLUMNS FROM `zw_wechat` [ RunTime:0.0244s ]
SQL: SELECT t1.id,t2.picture as file FROM zw_wechat as t1,zw_wechat as t2 WHERE ( t1.id = t2.id )  [ RunTime:0.0002s ]
INFO: [ app_end ] --START--
INFO: Run Behavior\ShowPageTraceBehavior [ RunTime:0.000762s ]
INFO: [ app_end ] --END-- [ RunTime:0.000801s ]

[ 2018-05-30T20:29:25+08:00 ] 111.37.20.204 /index.php/Home/Wechat/GetOpenid?code=061JF7qd1GQiPs0bR6od1J2lqd1JF7qx
INFO: [ app_init ] --START--
INFO: Run Behavior\BuildLiteBehavior [ RunTime:0.000063s ]
INFO: [ app_init ] --END-- [ RunTime:0.000457s ]
INFO: [ app_begin ] --START--
INFO: Run Behavior\ReadHtmlCacheBehavior [ RunTime:0.000486s ]
INFO: [ app_begin ] --END-- [ RunTime:0.000524s ]
NOTIC: [8] Undefined index: openid C:\wwwroot\lyutu.lyu520.cn\Application\Home\Controller\WechatController.class.php 第 105 行.
INFO: [ app_end ] --START--
INFO: Run Behavior\ShowPageTraceBehavior [ RunTime:0.000686s ]
INFO: [ app_end ] --END-- [ RunTime:0.000743s ]

[ 2018-05-30T20:29:31+08:00 ] 111.37.20.204 /index.php/Home/Wechat/Imgshow
INFO: [ app_init ] --START--
INFO: Run Behavior\BuildLiteBehavior [ RunTime:0.000018s ]
INFO: [ app_init ] --END-- [ RunTime:0.000297s ]
INFO: [ app_begin ] --START--
INFO: Run Behavior\ReadHtmlCacheBehavior [ RunTime:0.000383s ]
INFO: [ app_begin ] --END-- [ RunTime:0.000419s ]
SQL: SHOW COLUMNS FROM `zw_wechat` [ RunTime:0.0166s ]
SQL: SHOW COLUMNS FROM `zw_wechat` [ RunTime:0.0018s ]
SQL: SELECT t1.id,t2.picture as file FROM zw_wechat as t1,zw_wechat as t2 WHERE ( t1.id = t2.id )  [ RunTime:0.0001s ]
INFO: [ app_end ] --START--
INFO: Run Behavior\ShowPageTraceBehavior [ RunTime:0.000649s ]
INFO: [ app_end ] --END-- [ RunTime:0.000683s ]

[ 2018-05-30T20:29:31+08:00 ] 111.37.20.204 /index.php/Home/Wechat/GetOpenid?code=021Rz1jL088ma62yJqgL05E0jL0Rz1jt
INFO: [ app_init ] --START--
INFO: Run Behavior\BuildLiteBehavior [ RunTime:0.000013s ]
INFO: [ app_init ] --END-- [ RunTime:0.000295s ]
INFO: [ app_begin ] --START--
INFO: Run Behavior\ReadHtmlCacheBehavior [ RunTime:0.000376s ]
INFO: [ app_begin ] --END-- [ RunTime:0.000408s ]
NOTIC: [8] Undefined index: openid C:\wwwroot\lyutu.lyu520.cn\Application\Home\Controller\WechatController.class.php 第 105 行.
INFO: [ app_end ] --START--
INFO: Run Behavior\ShowPageTraceBehavior [ RunTime:0.000953s ]
INFO: [ app_end ] --END-- [ RunTime:0.000999s ]

[ 2018-05-30T20:29:32+08:00 ] 111.37.20.204 /index.php/Home/Wechat/Imgshow
INFO: [ app_init ] --START--
INFO: Run Behavior\BuildLiteBehavior [ RunTime:0.000014s ]
INFO: [ app_init ] --END-- [ RunTime:0.000347s ]
INFO: [ app_begin ] --START--
INFO: Run Behavior\ReadHtmlCacheBehavior [ RunTime:0.000454s ]
INFO: [ app_begin ] --END-- [ RunTime:0.000488s ]
SQL: SHOW COLUMNS FROM `zw_wechat` [ RunTime:0.0286s ]
SQL: SHOW COLUMNS FROM `zw_wechat` [ RunTime:0.0027s ]
SQL: SELECT t1.id,t2.picture as file FROM zw_wechat as t1,zw_wechat as t2 WHERE ( t1.id = t2.id )  [ RunTime:0.0002s ]
INFO: [ app_end ] --START--
INFO: Run Behavior\ShowPageTraceBehavior [ RunTime:0.000672s ]
INFO: [ app_end ] --END-- [ RunTime:0.000746s ]

[ 2018-05-30T20:29:32+08:00 ] 111.37.20.204 /index.php/Home/Wechat/GetOpenid?code=071hHz6D0mIXWd2DLE7D0ZZA6D0hHz6V
INFO: [ app_init ] --START--
INFO: Run Behavior\BuildLiteBehavior [ RunTime:0.000015s ]
INFO: [ app_init ] --END-- [ RunTime:0.000286s ]
INFO: [ app_begin ] --START--
INFO: Run Behavior\ReadHtmlCacheBehavior [ RunTime:0.000359s ]
INFO: [ app_begin ] --END-- [ RunTime:0.000395s ]
NOTIC: [8] Undefined index: openid C:\wwwroot\lyutu.lyu520.cn\Application\Home\Controller\WechatController.class.php 第 105 行.
INFO: [ app_end ] --START--
INFO: Run Behavior\ShowPageTraceBehavior [ RunTime:0.000964s ]
INFO: [ app_end ] --END-- [ RunTime:0.001029s ]

[ 2018-05-30T20:29:54+08:00 ] 111.37.20.204 /index.php/Home/Wechat/Imgshow
INFO: [ app_init ] --START--
INFO: Run Behavior\BuildLiteBehavior [ RunTime:0.000014s ]
INFO: [ app_init ] --END-- [ RunTime:0.000360s ]
INFO: [ app_begin ] --START--
INFO: Run Behavior\ReadHtmlCacheBehavior [ RunTime:0.000383s ]
INFO: [ app_begin ] --END-- [ RunTime:0.000415s ]
SQL: SHOW COLUMNS FROM `zw_wechat` [ RunTime:0.0129s ]
SQL: SHOW COLUMNS FROM `zw_wechat` [ RunTime:0.0016s ]
SQL: SELECT t1.id,t2.picture as file FROM zw_wechat as t1,zw_wechat as t2 WHERE ( t1.id = t2.id )  [ RunTime:0.0002s ]
INFO: [ app_end ] --START--
INFO: Run Behavior\ShowPageTraceBehavior [ RunTime:0.000672s ]
INFO: [ app_end ] --END-- [ RunTime:0.000716s ]

[ 2018-05-30T20:29:54+08:00 ] 111.37.20.204 /index.php/Home/Wechat/GetOpenid?code=081icvEI1PhpO70ZX4DI17dFEI1icvEI
INFO: [ app_init ] --START--
INFO: Run Behavior\BuildLiteBehavior [ RunTime:0.000019s ]
INFO: [ app_init ] --END-- [ RunTime:0.000340s ]
INFO: [ app_begin ] --START--
INFO: Run Behavior\ReadHtmlCacheBehavior [ RunTime:0.000376s ]
INFO: [ app_begin ] --END-- [ RunTime:0.000411s ]
NOTIC: [8] Undefined index: openid C:\wwwroot\lyutu.lyu520.cn\Application\Home\Controller\WechatController.class.php 第 105 行.
INFO: [ app_end ] --START--
INFO: Run Behavior\ShowPageTraceBehavior [ RunTime:0.000931s ]
INFO: [ app_end ] --END-- [ RunTime:0.000995s ]

[ 2018-05-30T20:30:07+08:00 ] 111.37.20.204 /index.php/Home/Wechat/GetOpenid?code=0813BYis0ami4f1ZYvgs03I2js03BYit
INFO: [ app_init ] --START--
INFO: Run Behavior\BuildLiteBehavior [ RunTime:0.000017s ]
INFO: [ app_init ] --END-- [ RunTime:0.000331s ]
INFO: [ app_begin ] --START--
INFO: Run Behavior\ReadHtmlCacheBehavior [ RunTime:0.000431s ]
INFO: [ app_begin ] --END-- [ RunTime:0.000463s ]
NOTIC: [8] Undefined index: openid C:\wwwroot\lyutu.lyu520.cn\Application\Home\Controller\WechatController.class.php 第 105 行.
INFO: [ app_end ] --START--
INFO: Run Behavior\ShowPageTraceBehavior [ RunTime:0.000922s ]
INFO: [ app_end ] --END-- [ RunTime:0.000988s ]

[ 2018-05-30T20:30:28+08:00 ] 111.37.20.204 /index.php/Home/Wechat/Imgshow
INFO: [ app_init ] --START--
INFO: Run Behavior\BuildLiteBehavior [ RunTime:0.000016s ]
INFO: [ app_init ] --END-- [ RunTime:0.000345s ]
INFO: [ app_begin ] --START--
INFO: Run Behavior\ReadHtmlCacheBehavior [ RunTime:0.000447s ]
INFO: [ app_begin ] --END-- [ RunTime:0.000479s ]
SQL: SHOW COLUMNS FROM `zw_wechat` [ RunTime:0.0022s ]
SQL: SHOW COLUMNS FROM `zw_wechat` [ RunTime:0.0020s ]
SQL: SELECT t1.id,t2.picture as file FROM zw_wechat as t1,zw_wechat as t2 WHERE ( t1.id = t2.id )  [ RunTime:0.0002s ]
INFO: [ app_end ] --START--
INFO: Run Behavior\ShowPageTraceBehavior [ RunTime:0.000662s ]
INFO: [ app_end ] --END-- [ RunTime:0.000714s ]

[ 2018-05-30T20:30:28+08:00 ] 111.37.20.204 /index.php/Home/Wechat/GetOpenid?code=061RonCu0jXeUc1VaMCu0WxsCu0RonCf
INFO: [ app_init ] --START--
INFO: Run Behavior\BuildLiteBehavior [ RunTime:0.000014s ]
INFO: [ app_init ] --END-- [ RunTime:0.000292s ]
INFO: [ app_begin ] --START--
INFO: Run Behavior\ReadHtmlCacheBehavior [ RunTime:0.000396s ]
INFO: [ app_begin ] --END-- [ RunTime:0.000428s ]
NOTIC: [8] Undefined index: openid C:\wwwroot\lyutu.lyu520.cn\Application\Home\Controller\WechatController.class.php 第 105 行.
INFO: [ app_end ] --START--
INFO: Run Behavior\ShowPageTraceBehavior [ RunTime:0.000905s ]
INFO: [ app_end ] --END-- [ RunTime:0.000962s ]

[ 2018-05-30T20:30:35+08:00 ] 111.37.20.204 /index.php/Home/Wechat/Imgshow
INFO: [ app_init ] --START--
INFO: Run Behavior\BuildLiteBehavior [ RunTime:0.000021s ]
INFO: [ app_init ] --END-- [ RunTime:0.000625s ]
INFO: [ app_begin ] --START--
INFO: Run Behavior\ReadHtmlCacheBehavior [ RunTime:0.000624s ]
INFO: [ app_begin ] --END-- [ RunTime:0.000676s ]
SQL: SHOW COLUMNS FROM `zw_wechat` [ RunTime:0.0075s ]
SQL: SHOW COLUMNS FROM `zw_wechat` [ RunTime:0.0027s ]
SQL: SELECT t1.id,t2.picture as file FROM zw_wechat as t1,zw_wechat as t2 WHERE ( t1.id = t2.id )  [ RunTime:0.0002s ]
INFO: [ app_end ] --START--
INFO: Run Behavior\ShowPageTraceBehavior [ RunTime:0.000860s ]
INFO: [ app_end ] --END-- [ RunTime:0.000909s ]

[ 2018-05-30T20:30:36+08:00 ] 111.37.20.204 /index.php/Home/Wechat/GetOpenid?code=061pIC5X0nXp3226EW5X0hHF5X0pIC5z
INFO: [ app_init ] --START--
INFO: Run Behavior\BuildLiteBehavior [ RunTime:0.000020s ]
INFO: [ app_init ] --END-- [ RunTime:0.000323s ]
INFO: [ app_begin ] --START--
INFO: Run Behavior\ReadHtmlCacheBehavior [ RunTime:0.000391s ]
INFO: [ app_begin ] --END-- [ RunTime:0.000431s ]
NOTIC: [8] Undefined index: openid C:\wwwroot\lyutu.lyu520.cn\Application\Home\Controller\WechatController.class.php 第 105 行.
INFO: [ app_end ] --START--
INFO: Run Behavior\ShowPageTraceBehavior [ RunTime:0.000761s ]
INFO: [ app_end ] --END-- [ RunTime:0.000812s ]

