[ 2018-06-06T17:54:19+08:00 ] 123.131.134.18 /index.php/Home/Wechat/Imgshow
INFO: [ app_init ] --START--
INFO: Run Behavior\BuildLiteBehavior [ RunTime:0.000020s ]
INFO: [ app_init ] --END-- [ RunTime:0.000409s ]
INFO: [ app_begin ] --START--
INFO: Run Behavior\ReadHtmlCacheBehavior [ RunTime:0.000562s ]
INFO: [ app_begin ] --END-- [ RunTime:0.000613s ]
SQL: SHOW COLUMNS FROM `zw_wechat` [ RunTime:0.0158s ]
SQL: SHOW COLUMNS FROM `zw_wechat` [ RunTime:0.0018s ]
SQL: SELECT t1.id,t2.picture as file FROM zw_wechat as t1,zw_wechat as t2 WHERE ( t1.id = t2.id )  [ RunTime:0.0002s ]
INFO: [ app_end ] --START--
INFO: Run Behavior\ShowPageTraceBehavior [ RunTime:0.000772s ]
INFO: [ app_end ] --END-- [ RunTime:0.000807s ]

[ 2018-06-06T17:54:19+08:00 ] 123.131.134.18 /index.php/Home/Wechat/GetOpenid?code=011qdMhL1L0nn51aS4kL1xlBhL1qdMhv
INFO: [ app_init ] --START--
INFO: Run Behavior\BuildLiteBehavior [ RunTime:0.000032s ]
INFO: [ app_init ] --END-- [ RunTime:0.000492s ]
INFO: [ app_begin ] --START--
INFO: Run Behavior\ReadHtmlCacheBehavior [ RunTime:0.000450s ]
INFO: [ app_begin ] --END-- [ RunTime:0.000506s ]
NOTIC: [8] Undefined index: openid C:\wwwroot\lyutu.lyu520.cn\Application\Home\Controller\WechatController.class.php 第 105 行.
INFO: [ app_end ] --START--
INFO: Run Behavior\ShowPageTraceBehavior [ RunTime:0.000782s ]
INFO: [ app_end ] --END-- [ RunTime:0.000872s ]

[ 2018-06-06T18:03:16+08:00 ] 123.131.134.18 /index.php/Home/Wechat/Imgshow
INFO: [ app_init ] --START--
INFO: Run Behavior\BuildLiteBehavior [ RunTime:0.000017s ]
INFO: [ app_init ] --END-- [ RunTime:0.000348s ]
INFO: [ app_begin ] --START--
INFO: Run Behavior\ReadHtmlCacheBehavior [ RunTime:0.000416s ]
INFO: [ app_begin ] --END-- [ RunTime:0.000461s ]
SQL: SHOW COLUMNS FROM `zw_wechat` [ RunTime:0.0020s ]
SQL: SHOW COLUMNS FROM `zw_wechat` [ RunTime:0.0018s ]
SQL: SELECT t1.id,t2.picture as file FROM zw_wechat as t1,zw_wechat as t2 WHERE ( t1.id = t2.id )  [ RunTime:0.0001s ]
INFO: [ app_end ] --START--
INFO: Run Behavior\ShowPageTraceBehavior [ RunTime:0.000600s ]
INFO: [ app_end ] --END-- [ RunTime:0.000633s ]

[ 2018-06-06T18:03:16+08:00 ] 123.131.134.18 /index.php/Home/Wechat/GetOpenid?code=081rMaFz1QNvQe0qM4Gz1Z3qFz1rMaF6
INFO: [ app_init ] --START--
INFO: Run Behavior\BuildLiteBehavior [ RunTime:0.000016s ]
INFO: [ app_init ] --END-- [ RunTime:0.000301s ]
INFO: [ app_begin ] --START--
INFO: Run Behavior\ReadHtmlCacheBehavior [ RunTime:0.000381s ]
INFO: [ app_begin ] --END-- [ RunTime:0.000415s ]
NOTIC: [8] Undefined index: openid C:\wwwroot\lyutu.lyu520.cn\Application\Home\Controller\WechatController.class.php 第 105 行.
INFO: [ app_end ] --START--
INFO: Run Behavior\ShowPageTraceBehavior [ RunTime:0.000718s ]
INFO: [ app_end ] --END-- [ RunTime:0.000768s ]

[ 2018-06-06T18:15:06+08:00 ] 123.131.134.18 /index.php/Home/Wechat/Imgshow
INFO: [ app_init ] --START--
INFO: Run Behavior\BuildLiteBehavior [ RunTime:0.000015s ]
INFO: [ app_init ] --END-- [ RunTime:0.000499s ]
INFO: [ app_begin ] --START--
INFO: Run Behavior\ReadHtmlCacheBehavior [ RunTime:0.000440s ]
INFO: [ app_begin ] --END-- [ RunTime:0.000482s ]
SQL: SHOW COLUMNS FROM `zw_wechat` [ RunTime:0.0021s ]
SQL: SHOW COLUMNS FROM `zw_wechat` [ RunTime:0.0015s ]
SQL: SELECT t1.id,t2.picture as file FROM zw_wechat as t1,zw_wechat as t2 WHERE ( t1.id = t2.id )  [ RunTime:0.0002s ]
INFO: [ app_end ] --START--
INFO: Run Behavior\ShowPageTraceBehavior [ RunTime:0.000718s ]
INFO: [ app_end ] --END-- [ RunTime:0.000774s ]

[ 2018-06-06T18:15:06+08:00 ] 123.131.134.18 /index.php/Home/Wechat/GetOpenid?code=081so4wf0eY0uA1Wiftf0Kyowf0so4w2
INFO: [ app_init ] --START--
INFO: Run Behavior\BuildLiteBehavior [ RunTime:0.000013s ]
INFO: [ app_init ] --END-- [ RunTime:0.000323s ]
INFO: [ app_begin ] --START--
INFO: Run Behavior\ReadHtmlCacheBehavior [ RunTime:0.000404s ]
INFO: [ app_begin ] --END-- [ RunTime:0.000436s ]
NOTIC: [8] Undefined index: openid C:\wwwroot\lyutu.lyu520.cn\Application\Home\Controller\WechatController.class.php 第 105 行.
INFO: [ app_end ] --START--
INFO: Run Behavior\ShowPageTraceBehavior [ RunTime:0.000957s ]
INFO: [ app_end ] --END-- [ RunTime:0.001011s ]

[ 2018-06-06T18:15:12+08:00 ] 123.131.134.18 /index.php/Home/Wechat/Imgshow
INFO: [ app_init ] --START--
INFO: Run Behavior\BuildLiteBehavior [ RunTime:0.000016s ]
INFO: [ app_init ] --END-- [ RunTime:0.000325s ]
INFO: [ app_begin ] --START--
INFO: Run Behavior\ReadHtmlCacheBehavior [ RunTime:0.000437s ]
INFO: [ app_begin ] --END-- [ RunTime:0.000472s ]
SQL: SHOW COLUMNS FROM `zw_wechat` [ RunTime:0.0026s ]
SQL: SHOW COLUMNS FROM `zw_wechat` [ RunTime:0.0019s ]
SQL: SELECT t1.id,t2.picture as file FROM zw_wechat as t1,zw_wechat as t2 WHERE ( t1.id = t2.id )  [ RunTime:0.0002s ]
INFO: [ app_end ] --START--
INFO: Run Behavior\ShowPageTraceBehavior [ RunTime:0.000740s ]
INFO: [ app_end ] --END-- [ RunTime:0.000774s ]

[ 2018-06-06T18:15:13+08:00 ] 123.131.134.18 /index.php/Home/Wechat/GetOpenid?code=011uzZp72twmaK0Y0Yn722CKp72uzZpm
INFO: [ app_init ] --START--
INFO: Run Behavior\BuildLiteBehavior [ RunTime:0.000014s ]
INFO: [ app_init ] --END-- [ RunTime:0.000362s ]
INFO: [ app_begin ] --START--
INFO: Run Behavior\ReadHtmlCacheBehavior [ RunTime:0.000387s ]
INFO: [ app_begin ] --END-- [ RunTime:0.000425s ]
NOTIC: [8] Undefined index: openid C:\wwwroot\lyutu.lyu520.cn\Application\Home\Controller\WechatController.class.php 第 105 行.
INFO: [ app_end ] --START--
INFO: Run Behavior\ShowPageTraceBehavior [ RunTime:0.000796s ]
INFO: [ app_end ] --END-- [ RunTime:0.000852s ]

[ 2018-06-06T18:15:18+08:00 ] 123.131.134.18 /index.php/Home/Wechat/Imgshow
INFO: [ app_init ] --START--
INFO: Run Behavior\BuildLiteBehavior [ RunTime:0.000014s ]
INFO: [ app_init ] --END-- [ RunTime:0.000315s ]
INFO: [ app_begin ] --START--
INFO: Run Behavior\ReadHtmlCacheBehavior [ RunTime:0.000442s ]
INFO: [ app_begin ] --END-- [ RunTime:0.000478s ]
SQL: SHOW COLUMNS FROM `zw_wechat` [ RunTime:0.0026s ]
SQL: SHOW COLUMNS FROM `zw_wechat` [ RunTime:0.0015s ]
SQL: SELECT t1.id,t2.picture as file FROM zw_wechat as t1,zw_wechat as t2 WHERE ( t1.id = t2.id )  [ RunTime:0.0002s ]
INFO: [ app_end ] --START--
INFO: Run Behavior\ShowPageTraceBehavior [ RunTime:0.000748s ]
INFO: [ app_end ] --END-- [ RunTime:0.000791s ]

[ 2018-06-06T18:15:18+08:00 ] 123.131.134.18 /index.php/Home/Wechat/GetOpenid?code=0615tNUo1siONq0joFUo12UBUo15tNUz
INFO: [ app_init ] --START--
INFO: Run Behavior\BuildLiteBehavior [ RunTime:0.000021s ]
INFO: [ app_init ] --END-- [ RunTime:0.000368s ]
INFO: [ app_begin ] --START--
INFO: Run Behavior\ReadHtmlCacheBehavior [ RunTime:0.000431s ]
INFO: [ app_begin ] --END-- [ RunTime:0.000468s ]
NOTIC: [8] Undefined index: openid C:\wwwroot\lyutu.lyu520.cn\Application\Home\Controller\WechatController.class.php 第 105 行.
INFO: [ app_end ] --START--
INFO: Run Behavior\ShowPageTraceBehavior [ RunTime:0.000737s ]
INFO: [ app_end ] --END-- [ RunTime:0.000794s ]

[ 2018-06-06T18:17:53+08:00 ] 123.131.134.18 /index.php/Home/Wechat/Imgshow
INFO: [ app_init ] --START--
INFO: Run Behavior\BuildLiteBehavior [ RunTime:0.000020s ]
INFO: [ app_init ] --END-- [ RunTime:0.000422s ]
INFO: [ app_begin ] --START--
INFO: Run Behavior\ReadHtmlCacheBehavior [ RunTime:0.000502s ]
INFO: [ app_begin ] --END-- [ RunTime:0.000575s ]
SQL: SHOW COLUMNS FROM `zw_wechat` [ RunTime:0.0025s ]
SQL: SHOW COLUMNS FROM `zw_wechat` [ RunTime:0.0017s ]
SQL: SELECT t1.id,t2.picture as file FROM zw_wechat as t1,zw_wechat as t2 WHERE ( t1.id = t2.id )  [ RunTime:0.0002s ]
INFO: [ app_end ] --START--
INFO: Run Behavior\ShowPageTraceBehavior [ RunTime:0.000682s ]
INFO: [ app_end ] --END-- [ RunTime:0.000717s ]

[ 2018-06-06T18:17:53+08:00 ] 123.131.134.18 /index.php/Home/Wechat/GetOpenid?code=061RVNp21akzaP1HvDm21pXDp21RVNpt
INFO: [ app_init ] --START--
INFO: Run Behavior\BuildLiteBehavior [ RunTime:0.000016s ]
INFO: [ app_init ] --END-- [ RunTime:0.000399s ]
INFO: [ app_begin ] --START--
INFO: Run Behavior\ReadHtmlCacheBehavior [ RunTime:0.000519s ]
INFO: [ app_begin ] --END-- [ RunTime:0.000559s ]
NOTIC: [8] Undefined index: openid C:\wwwroot\lyutu.lyu520.cn\Application\Home\Controller\WechatController.class.php 第 105 行.
INFO: [ app_end ] --START--
INFO: Run Behavior\ShowPageTraceBehavior [ RunTime:0.000789s ]
INFO: [ app_end ] --END-- [ RunTime:0.000850s ]

[ 2018-06-06T18:18:31+08:00 ] 123.131.134.18 /index.php/Home/Wechat/Imgshow
INFO: [ app_init ] --START--
INFO: Run Behavior\BuildLiteBehavior [ RunTime:0.000015s ]
INFO: [ app_init ] --END-- [ RunTime:0.000469s ]
INFO: [ app_begin ] --START--
INFO: Run Behavior\ReadHtmlCacheBehavior [ RunTime:0.000436s ]
INFO: [ app_begin ] --END-- [ RunTime:0.000473s ]
SQL: SHOW COLUMNS FROM `zw_wechat` [ RunTime:0.0033s ]
SQL: SHOW COLUMNS FROM `zw_wechat` [ RunTime:0.0027s ]
SQL: SELECT t1.id,t2.picture as file FROM zw_wechat as t1,zw_wechat as t2 WHERE ( t1.id = t2.id )  [ RunTime:0.0002s ]
INFO: [ app_end ] --START--
INFO: Run Behavior\ShowPageTraceBehavior [ RunTime:0.000748s ]
INFO: [ app_end ] --END-- [ RunTime:0.000805s ]

[ 2018-06-06T18:18:31+08:00 ] 123.131.134.18 /index.php/Home/Wechat/GetOpenid?code=081nHAJU0BOOpX1oVbKU0gYDJU0nHAJa
INFO: [ app_init ] --START--
INFO: Run Behavior\BuildLiteBehavior [ RunTime:0.000017s ]
INFO: [ app_init ] --END-- [ RunTime:0.000314s ]
INFO: [ app_begin ] --START--
INFO: Run Behavior\ReadHtmlCacheBehavior [ RunTime:0.000416s ]
INFO: [ app_begin ] --END-- [ RunTime:0.000450s ]
NOTIC: [8] Undefined index: openid C:\wwwroot\lyutu.lyu520.cn\Application\Home\Controller\WechatController.class.php 第 105 行.
INFO: [ app_end ] --START--
INFO: Run Behavior\ShowPageTraceBehavior [ RunTime:0.000844s ]
INFO: [ app_end ] --END-- [ RunTime:0.000895s ]

[ 2018-06-06T18:25:06+08:00 ] 123.131.134.18 /index.php/Home/Wechat/Imgshow
INFO: [ app_init ] --START--
INFO: Run Behavior\BuildLiteBehavior [ RunTime:0.000021s ]
INFO: [ app_init ] --END-- [ RunTime:0.000567s ]
INFO: [ app_begin ] --START--
INFO: Run Behavior\ReadHtmlCacheBehavior [ RunTime:0.000642s ]
INFO: [ app_begin ] --END-- [ RunTime:0.000700s ]
SQL: SHOW COLUMNS FROM `zw_wechat` [ RunTime:0.0035s ]
SQL: SHOW COLUMNS FROM `zw_wechat` [ RunTime:0.0024s ]
SQL: SELECT t1.id,t2.picture as file FROM zw_wechat as t1,zw_wechat as t2 WHERE ( t1.id = t2.id )  [ RunTime:0.0002s ]
INFO: [ app_end ] --START--
INFO: Run Behavior\ShowPageTraceBehavior [ RunTime:0.000887s ]
INFO: [ app_end ] --END-- [ RunTime:0.000937s ]

[ 2018-06-06T18:25:06+08:00 ] 123.131.134.18 /index.php/Home/Wechat/GetOpenid?code=011THllg1Lilay03Rgog1fTxlg1THllw
INFO: [ app_init ] --START--
INFO: Run Behavior\BuildLiteBehavior [ RunTime:0.000015s ]
INFO: [ app_init ] --END-- [ RunTime:0.000309s ]
INFO: [ app_begin ] --START--
INFO: Run Behavior\ReadHtmlCacheBehavior [ RunTime:0.000421s ]
INFO: [ app_begin ] --END-- [ RunTime:0.000454s ]
NOTIC: [8] Undefined index: openid C:\wwwroot\lyutu.lyu520.cn\Application\Home\Controller\WechatController.class.php 第 105 行.
INFO: [ app_end ] --START--
INFO: Run Behavior\ShowPageTraceBehavior [ RunTime:0.000911s ]
INFO: [ app_end ] --END-- [ RunTime:0.001000s ]

[ 2018-06-06T18:29:31+08:00 ] 123.131.134.18 /index.php/Home/Wechat/Imgshow
INFO: [ app_init ] --START--
INFO: Run Behavior\BuildLiteBehavior [ RunTime:0.000016s ]
INFO: [ app_init ] --END-- [ RunTime:0.000369s ]
INFO: [ app_begin ] --START--
INFO: Run Behavior\ReadHtmlCacheBehavior [ RunTime:0.000414s ]
INFO: [ app_begin ] --END-- [ RunTime:0.000481s ]
SQL: SHOW COLUMNS FROM `zw_wechat` [ RunTime:0.0019s ]
SQL: SHOW COLUMNS FROM `zw_wechat` [ RunTime:0.0232s ]
SQL: SELECT t1.id,t2.picture as file FROM zw_wechat as t1,zw_wechat as t2 WHERE ( t1.id = t2.id )  [ RunTime:0.0002s ]
INFO: [ app_end ] --START--
INFO: Run Behavior\ShowPageTraceBehavior [ RunTime:0.000724s ]
INFO: [ app_end ] --END-- [ RunTime:0.000757s ]

[ 2018-06-06T18:29:45+08:00 ] 123.131.134.18 /index.php/Home/Wechat/Imgshow
INFO: [ app_init ] --START--
INFO: Run Behavior\BuildLiteBehavior [ RunTime:0.000016s ]
INFO: [ app_init ] --END-- [ RunTime:0.000294s ]
INFO: [ app_begin ] --START--
INFO: Run Behavior\ReadHtmlCacheBehavior [ RunTime:0.000442s ]
INFO: [ app_begin ] --END-- [ RunTime:0.000485s ]
SQL: SHOW COLUMNS FROM `zw_wechat` [ RunTime:0.0020s ]
SQL: SHOW COLUMNS FROM `zw_wechat` [ RunTime:0.0021s ]
SQL: SELECT t1.id,t2.picture as file FROM zw_wechat as t1,zw_wechat as t2 WHERE ( t1.id = t2.id )  [ RunTime:0.0002s ]
INFO: [ app_end ] --START--
INFO: Run Behavior\ShowPageTraceBehavior [ RunTime:0.000648s ]
INFO: [ app_end ] --END-- [ RunTime:0.000681s ]

[ 2018-06-06T18:29:46+08:00 ] 123.131.134.18 /index.php/Home/Wechat/GetOpenid/code/0337qNgL1zx1b51WeGeL1DGPgL17qNgK
INFO: [ app_init ] --START--
INFO: Run Behavior\BuildLiteBehavior [ RunTime:0.000019s ]
INFO: [ app_init ] --END-- [ RunTime:0.000311s ]
INFO: [ app_begin ] --START--
INFO: Run Behavior\ReadHtmlCacheBehavior [ RunTime:0.000383s ]
INFO: [ app_begin ] --END-- [ RunTime:0.000422s ]
INFO: [ app_end ] --START--
INFO: Run Behavior\ShowPageTraceBehavior [ RunTime:0.000784s ]
INFO: [ app_end ] --END-- [ RunTime:0.000855s ]

[ 2018-06-06T18:30:10+08:00 ] 123.131.134.18 /index.php/Home/Wechat/user/openid/
INFO: [ app_init ] --START--
INFO: Run Behavior\BuildLiteBehavior [ RunTime:0.000020s ]
INFO: [ app_init ] --END-- [ RunTime:0.000402s ]
INFO: [ app_begin ] --START--
INFO: Run Behavior\ReadHtmlCacheBehavior [ RunTime:0.000527s ]
INFO: [ app_begin ] --END-- [ RunTime:0.000575s ]
NOTIC: [8] Undefined index: openid C:\wwwroot\lyutu.lyu520.cn\Application\Home\Controller\WechatController.class.php 第 42 行.
SQL: SHOW COLUMNS FROM `zw_user` [ RunTime:0.0032s ]
SQL: SELECT * FROM `zw_user` WHERE `openid` = null  [ RunTime:0.0003s ]
NOTIC: [8] Undefined offset: 0 C:\wwwroot\lyutu.lyu520.cn\Application\Home\Controller\WechatController.class.php 第 45 行.
INFO: [ app_end ] --START--
INFO: Run Behavior\ShowPageTraceBehavior [ RunTime:0.000792s ]
INFO: [ app_end ] --END-- [ RunTime:0.000840s ]

[ 2018-06-06T18:30:11+08:00 ] 123.131.134.18 /index.php/Home/Wechat/GetOpenid/code/023BRsmN1qFuJ21BZYoN1eTgmN1BRsms
INFO: [ app_init ] --START--
INFO: Run Behavior\BuildLiteBehavior [ RunTime:0.000015s ]
INFO: [ app_init ] --END-- [ RunTime:0.000290s ]
INFO: [ app_begin ] --START--
INFO: Run Behavior\ReadHtmlCacheBehavior [ RunTime:0.000364s ]
INFO: [ app_begin ] --END-- [ RunTime:0.000397s ]
INFO: [ app_end ] --START--
INFO: Run Behavior\ShowPageTraceBehavior [ RunTime:0.000776s ]
INFO: [ app_end ] --END-- [ RunTime:0.000852s ]

[ 2018-06-06T18:30:13+08:00 ] 123.131.134.18 /index.php/Home/Wechat/GetOpenid/code/033VHV0Z18vEN01R1g0Z1qh41Z1VHV0m
INFO: [ app_init ] --START--
INFO: Run Behavior\BuildLiteBehavior [ RunTime:0.000014s ]
INFO: [ app_init ] --END-- [ RunTime:0.000326s ]
INFO: [ app_begin ] --START--
INFO: Run Behavior\ReadHtmlCacheBehavior [ RunTime:0.000397s ]
INFO: [ app_begin ] --END-- [ RunTime:0.000429s ]
INFO: [ app_end ] --START--
INFO: Run Behavior\ShowPageTraceBehavior [ RunTime:0.000711s ]
INFO: [ app_end ] --END-- [ RunTime:0.000784s ]

[ 2018-06-06T18:31:04+08:00 ] 123.131.134.18 /index.php/Home/Wechat/GetOpenid/code/023hrdbZ1pv7V01tJR9Z1jV9bZ1hrdbJ
INFO: [ app_init ] --START--
INFO: Run Behavior\BuildLiteBehavior [ RunTime:0.000018s ]
INFO: [ app_init ] --END-- [ RunTime:0.000317s ]
INFO: [ app_begin ] --START--
INFO: Run Behavior\ReadHtmlCacheBehavior [ RunTime:0.000400s ]
INFO: [ app_begin ] --END-- [ RunTime:0.000434s ]
INFO: [ app_end ] --START--
INFO: Run Behavior\ShowPageTraceBehavior [ RunTime:0.000965s ]
INFO: [ app_end ] --END-- [ RunTime:0.001056s ]

[ 2018-06-06T18:31:44+08:00 ] 123.131.134.18 /index.php/Home/Wechat/Imgshow
INFO: [ app_init ] --START--
INFO: Run Behavior\BuildLiteBehavior [ RunTime:0.000020s ]
INFO: [ app_init ] --END-- [ RunTime:0.000434s ]
INFO: [ app_begin ] --START--
INFO: Run Behavior\ReadHtmlCacheBehavior [ RunTime:0.000467s ]
INFO: [ app_begin ] --END-- [ RunTime:0.000504s ]
SQL: SHOW COLUMNS FROM `zw_wechat` [ RunTime:0.0019s ]
SQL: SHOW COLUMNS FROM `zw_wechat` [ RunTime:0.0017s ]
SQL: SELECT t1.id,t2.picture as file FROM zw_wechat as t1,zw_wechat as t2 WHERE ( t1.id = t2.id )  [ RunTime:0.0002s ]
INFO: [ app_end ] --START--
INFO: Run Behavior\ShowPageTraceBehavior [ RunTime:0.000835s ]
INFO: [ app_end ] --END-- [ RunTime:0.000875s ]

[ 2018-06-06T18:31:44+08:00 ] 123.131.134.18 /index.php/Home/Wechat/GetOpenid?code=08144yzc2K3T9E0Da5zc2PiEzc244yzH
INFO: [ app_init ] --START--
INFO: Run Behavior\BuildLiteBehavior [ RunTime:0.000015s ]
INFO: [ app_init ] --END-- [ RunTime:0.000340s ]
INFO: [ app_begin ] --START--
INFO: Run Behavior\ReadHtmlCacheBehavior [ RunTime:0.000428s ]
INFO: [ app_begin ] --END-- [ RunTime:0.000462s ]
NOTIC: [8] Undefined index: openid C:\wwwroot\lyutu.lyu520.cn\Application\Home\Controller\WechatController.class.php 第 105 行.
INFO: [ app_end ] --START--
INFO: Run Behavior\ShowPageTraceBehavior [ RunTime:0.001034s ]
INFO: [ app_end ] --END-- [ RunTime:0.001096s ]

[ 2018-06-06T18:31:46+08:00 ] 123.131.134.18 /index.php/Home/Wechat/Imgshow
INFO: [ app_init ] --START--
INFO: Run Behavior\BuildLiteBehavior [ RunTime:0.000015s ]
INFO: [ app_init ] --END-- [ RunTime:0.000298s ]
INFO: [ app_begin ] --START--
INFO: Run Behavior\ReadHtmlCacheBehavior [ RunTime:0.000404s ]
INFO: [ app_begin ] --END-- [ RunTime:0.000440s ]
SQL: SHOW COLUMNS FROM `zw_wechat` [ RunTime:0.0023s ]
SQL: SHOW COLUMNS FROM `zw_wechat` [ RunTime:0.0019s ]
SQL: SELECT t1.id,t2.picture as file FROM zw_wechat as t1,zw_wechat as t2 WHERE ( t1.id = t2.id )  [ RunTime:0.0002s ]
INFO: [ app_end ] --START--
INFO: Run Behavior\ShowPageTraceBehavior [ RunTime:0.000633s ]
INFO: [ app_end ] --END-- [ RunTime:0.000674s ]

[ 2018-06-06T18:31:46+08:00 ] 123.131.134.18 /index.php/Home/Wechat/Imgshow
INFO: [ app_init ] --START--
INFO: Run Behavior\BuildLiteBehavior [ RunTime:0.000015s ]
INFO: [ app_init ] --END-- [ RunTime:0.000285s ]
INFO: [ app_begin ] --START--
INFO: Run Behavior\ReadHtmlCacheBehavior [ RunTime:0.000355s ]
INFO: [ app_begin ] --END-- [ RunTime:0.000392s ]
SQL: SHOW COLUMNS FROM `zw_wechat` [ RunTime:0.0024s ]
SQL: SHOW COLUMNS FROM `zw_wechat` [ RunTime:0.0015s ]
SQL: SELECT t1.id,t2.picture as file FROM zw_wechat as t1,zw_wechat as t2 WHERE ( t1.id = t2.id )  [ RunTime:0.0001s ]
INFO: [ app_end ] --START--
INFO: Run Behavior\ShowPageTraceBehavior [ RunTime:0.000632s ]
INFO: [ app_end ] --END-- [ RunTime:0.000669s ]

[ 2018-06-06T18:31:46+08:00 ] 123.131.134.18 /index.php/Home/Wechat/GetOpenid/code/033nDCjj09n27m1hm8lj0PDMjj0nDCjp
INFO: [ app_init ] --START--
INFO: Run Behavior\BuildLiteBehavior [ RunTime:0.000019s ]
INFO: [ app_init ] --END-- [ RunTime:0.000474s ]
INFO: [ app_begin ] --START--
INFO: Run Behavior\ReadHtmlCacheBehavior [ RunTime:0.000530s ]
INFO: [ app_begin ] --END-- [ RunTime:0.000581s ]
INFO: [ app_end ] --START--
INFO: Run Behavior\ShowPageTraceBehavior [ RunTime:0.000869s ]
INFO: [ app_end ] --END-- [ RunTime:0.000945s ]

