[ 2018-11-13T19:16:11+08:00 ] 188.131.173.42 /tsg/index.php/Home/Wechat/seat/floor/1
INFO: [ app_init ] --START--
INFO: Run Behavior\BuildLiteBehavior [ RunTime:0.000011s ]
INFO: [ app_init ] --END-- [ RunTime:0.000338s ]
INFO: [ app_begin ] --START--
INFO: Run Behavior\ReadHtmlCacheBehavior [ RunTime:0.000506s ]
INFO: [ app_begin ] --END-- [ RunTime:0.000536s ]
SQL: SHOW COLUMNS FROM `seat` [ RunTime:0.0014s ]
SQL: SELECT * FROM `seat` WHERE `floor` = 1  [ RunTime:0.0003s ]
INFO: [ app_end ] --START--
INFO: Run Behavior\ShowPageTraceBehavior [ RunTime:0.000764s ]
INFO: [ app_end ] --END-- [ RunTime:0.000795s ]

[ 2018-11-13T19:16:11+08:00 ] 188.131.173.42 /tsg/index.php/Home/Wechat/openid/code/071qQ4zZ0lyiH02T1LAZ08PdzZ0qQ4z5
INFO: [ app_init ] --START--
INFO: Run Behavior\BuildLiteBehavior [ RunTime:0.000013s ]
INFO: [ app_init ] --END-- [ RunTime:0.000328s ]
INFO: [ app_begin ] --START--
INFO: Run Behavior\ReadHtmlCacheBehavior [ RunTime:0.000551s ]
INFO: [ app_begin ] --END-- [ RunTime:0.000583s ]
INFO: [ app_end ] --START--
INFO: Run Behavior\ShowPageTraceBehavior [ RunTime:0.000854s ]
INFO: [ app_end ] --END-- [ RunTime:0.000910s ]

[ 2018-11-13T19:16:12+08:00 ] 188.131.173.42 /tsg/index.php/Home/Wechat/seachuser/openid/o6Pb941bTuieMg1mXTT5kOD4QgIg
INFO: [ app_init ] --START--
INFO: Run Behavior\BuildLiteBehavior [ RunTime:0.000011s ]
INFO: [ app_init ] --END-- [ RunTime:0.000298s ]
INFO: [ app_begin ] --START--
INFO: Run Behavior\ReadHtmlCacheBehavior [ RunTime:0.000418s ]
INFO: [ app_begin ] --END-- [ RunTime:0.000447s ]
SQL: SHOW COLUMNS FROM `user` [ RunTime:0.0015s ]
SQL: SELECT * FROM `user` WHERE `openid` = 'o6Pb941bTuieMg1mXTT5kOD4QgIg' LIMIT 1   [ RunTime:0.0003s ]
INFO: [ app_end ] --START--
INFO: Run Behavior\ShowPageTraceBehavior [ RunTime:0.000648s ]
INFO: [ app_end ] --END-- [ RunTime:0.000677s ]

[ 2018-11-13T19:16:19+08:00 ] 188.131.173.42 /tsg/index.php/Home/Wechat/seat/floor/2
INFO: [ app_init ] --START--
INFO: Run Behavior\BuildLiteBehavior [ RunTime:0.000011s ]
INFO: [ app_init ] --END-- [ RunTime:0.000288s ]
INFO: [ app_begin ] --START--
INFO: Run Behavior\ReadHtmlCacheBehavior [ RunTime:0.000406s ]
INFO: [ app_begin ] --END-- [ RunTime:0.000434s ]
SQL: SHOW COLUMNS FROM `seat` [ RunTime:0.0014s ]
SQL: SELECT * FROM `seat` WHERE `floor` = 2  [ RunTime:0.0003s ]
INFO: [ app_end ] --START--
INFO: Run Behavior\ShowPageTraceBehavior [ RunTime:0.000711s ]
INFO: [ app_end ] --END-- [ RunTime:0.000741s ]

[ 2018-11-13T19:16:21+08:00 ] 188.131.173.42 /tsg/index.php/Home/Wechat/seat/floor/1
INFO: [ app_init ] --START--
INFO: Run Behavior\BuildLiteBehavior [ RunTime:0.000011s ]
INFO: [ app_init ] --END-- [ RunTime:0.000327s ]
INFO: [ app_begin ] --START--
INFO: Run Behavior\ReadHtmlCacheBehavior [ RunTime:0.000470s ]
INFO: [ app_begin ] --END-- [ RunTime:0.000498s ]
SQL: SHOW COLUMNS FROM `seat` [ RunTime:0.0015s ]
SQL: SELECT * FROM `seat` WHERE `floor` = 1  [ RunTime:0.0003s ]
INFO: [ app_end ] --START--
INFO: Run Behavior\ShowPageTraceBehavior [ RunTime:0.000637s ]
INFO: [ app_end ] --END-- [ RunTime:0.000667s ]

[ 2018-11-13T19:16:25+08:00 ] 188.131.173.42 /tsg/index.php/Home/Wechat/appointment?seatid=1A001&openid=o6Pb941bTuieMg1mXTT5kOD4QgIg
INFO: [ app_init ] --START--
INFO: Run Behavior\BuildLiteBehavior [ RunTime:0.000011s ]
INFO: [ app_init ] --END-- [ RunTime:0.000321s ]
INFO: [ app_begin ] --START--
INFO: Run Behavior\ReadHtmlCacheBehavior [ RunTime:0.000448s ]
INFO: [ app_begin ] --END-- [ RunTime:0.000477s ]
SQL: SHOW COLUMNS FROM `user` [ RunTime:0.0019s ]
SQL: SELECT * FROM `user` WHERE `openid` = 'o6Pb941bTuieMg1mXTT5kOD4QgIg' LIMIT 1   [ RunTime:0.0004s ]
SQL: SHOW COLUMNS FROM `seat` [ RunTime:0.0014s ]
SQL: SELECT * FROM `seat` WHERE `seatid` = '1A001' LIMIT 1   [ RunTime:0.0003s ]
INFO: [ app_end ] --START--
INFO: Run Behavior\ShowPageTraceBehavior [ RunTime:0.000712s ]
INFO: [ app_end ] --END-- [ RunTime:0.000783s ]

[ 2018-11-13T19:16:39+08:00 ] 188.131.173.42 /tsg/index.php/Home/Wechat/appointment?seatid=1A001&openid=o6Pb941bTuieMg1mXTT5kOD4QgIg
INFO: [ app_init ] --START--
INFO: Run Behavior\BuildLiteBehavior [ RunTime:0.000017s ]
INFO: [ app_init ] --END-- [ RunTime:0.000300s ]
INFO: [ app_begin ] --START--
INFO: Run Behavior\ReadHtmlCacheBehavior [ RunTime:0.000455s ]
INFO: [ app_begin ] --END-- [ RunTime:0.000485s ]
SQL: SHOW COLUMNS FROM `user` [ RunTime:0.0015s ]
SQL: SELECT * FROM `user` WHERE `openid` = 'o6Pb941bTuieMg1mXTT5kOD4QgIg' LIMIT 1   [ RunTime:0.0004s ]
SQL: SHOW COLUMNS FROM `seat` [ RunTime:0.0012s ]
SQL: SELECT * FROM `seat` WHERE `seatid` = '1A001' LIMIT 1   [ RunTime:0.0002s ]
INFO: [ app_end ] --START--
INFO: Run Behavior\ShowPageTraceBehavior [ RunTime:0.000702s ]
INFO: [ app_end ] --END-- [ RunTime:0.000731s ]

[ 2018-11-13T19:16:46+08:00 ] 188.131.173.42 /tsg/index.php/Home/Wechat/study/?seatid=%7B%22show%22%3A%221A001%22%2C%22__webviewId__%22%3A1%7D
INFO: [ app_init ] --START--
INFO: Run Behavior\BuildLiteBehavior [ RunTime:0.000011s ]
INFO: [ app_init ] --END-- [ RunTime:0.000288s ]
INFO: [ app_begin ] --START--
INFO: Run Behavior\ReadHtmlCacheBehavior [ RunTime:0.000428s ]
INFO: [ app_begin ] --END-- [ RunTime:0.000457s ]
SQL: SHOW COLUMNS FROM `seat` [ RunTime:0.0014s ]
SQL: SELECT * FROM `seat` WHERE `status` = 2  [ RunTime:0.0003s ]
INFO: [ app_end ] --START--
INFO: Run Behavior\ShowPageTraceBehavior [ RunTime:0.000561s ]
INFO: [ app_end ] --END-- [ RunTime:0.000589s ]

[ 2018-11-13T19:16:56+08:00 ] 188.131.173.42 /tsg/index.php/Home/Wechat/appointment?seatid=1A002&openid=o6Pb941bTuieMg1mXTT5kOD4QgIg
INFO: [ app_init ] --START--
INFO: Run Behavior\BuildLiteBehavior [ RunTime:0.000011s ]
INFO: [ app_init ] --END-- [ RunTime:0.000327s ]
INFO: [ app_begin ] --START--
INFO: Run Behavior\ReadHtmlCacheBehavior [ RunTime:0.000456s ]
INFO: [ app_begin ] --END-- [ RunTime:0.000483s ]
SQL: SHOW COLUMNS FROM `user` [ RunTime:0.0015s ]
SQL: SELECT * FROM `user` WHERE `openid` = 'o6Pb941bTuieMg1mXTT5kOD4QgIg' LIMIT 1   [ RunTime:0.0003s ]
SQL: SHOW COLUMNS FROM `seat` [ RunTime:0.0013s ]
SQL: SELECT * FROM `seat` WHERE `seatid` = '1A002' LIMIT 1   [ RunTime:0.0002s ]
INFO: [ app_end ] --START--
INFO: Run Behavior\ShowPageTraceBehavior [ RunTime:0.000715s ]
INFO: [ app_end ] --END-- [ RunTime:0.000749s ]

[ 2018-11-13T19:17:35+08:00 ] 188.131.173.42 /tsg/index.php/Home/Wechat/study/?seatid=%7B%22show%22%3A%221A001%22%2C%22__webviewId__%22%3A1%7D
INFO: [ app_init ] --START--
INFO: Run Behavior\BuildLiteBehavior [ RunTime:0.000009s ]
INFO: [ app_init ] --END-- [ RunTime:0.000323s ]
INFO: [ app_begin ] --START--
INFO: Run Behavior\ReadHtmlCacheBehavior [ RunTime:0.000474s ]
INFO: [ app_begin ] --END-- [ RunTime:0.000502s ]
SQL: SHOW COLUMNS FROM `seat` [ RunTime:0.0014s ]
SQL: SELECT * FROM `seat` WHERE `status` = 2  [ RunTime:0.0002s ]
INFO: [ app_end ] --START--
INFO: Run Behavior\ShowPageTraceBehavior [ RunTime:0.000622s ]
INFO: [ app_end ] --END-- [ RunTime:0.000652s ]

[ 2018-11-13T19:38:18+08:00 ] 188.131.173.42 /tsg/index.php/Home/Wechat/openid/code/0218OPSA0E3akg2F2cRA0XdUSA08OPSk
INFO: [ app_init ] --START--
INFO: Run Behavior\BuildLiteBehavior [ RunTime:0.000039s ]
INFO: [ app_init ] --END-- [ RunTime:0.000365s ]
INFO: [ app_begin ] --START--
INFO: Run Behavior\ReadHtmlCacheBehavior [ RunTime:0.000552s ]
INFO: [ app_begin ] --END-- [ RunTime:0.000580s ]
INFO: [ app_end ] --START--
INFO: Run Behavior\ShowPageTraceBehavior [ RunTime:0.000838s ]
INFO: [ app_end ] --END-- [ RunTime:0.000933s ]

[ 2018-11-13T19:38:18+08:00 ] 188.131.173.42 /tsg/index.php/Home/Wechat/seat/floor/1
INFO: [ app_init ] --START--
INFO: Run Behavior\BuildLiteBehavior [ RunTime:0.000011s ]
INFO: [ app_init ] --END-- [ RunTime:0.000363s ]
INFO: [ app_begin ] --START--
INFO: Run Behavior\ReadHtmlCacheBehavior [ RunTime:0.000529s ]
INFO: [ app_begin ] --END-- [ RunTime:0.000559s ]
SQL: SHOW COLUMNS FROM `seat` [ RunTime:0.0425s ]
SQL: SELECT * FROM `seat` WHERE `floor` = 1  [ RunTime:0.0336s ]
INFO: [ app_end ] --START--
INFO: Run Behavior\ShowPageTraceBehavior [ RunTime:0.000896s ]
INFO: [ app_end ] --END-- [ RunTime:0.000933s ]

[ 2018-11-13T19:38:19+08:00 ] 188.131.173.42 /tsg/index.php/Home/Wechat/seachuser/openid/o6Pb941bTuieMg1mXTT5kOD4QgIg
INFO: [ app_init ] --START--
INFO: Run Behavior\BuildLiteBehavior [ RunTime:0.000012s ]
INFO: [ app_init ] --END-- [ RunTime:0.000297s ]
INFO: [ app_begin ] --START--
INFO: Run Behavior\ReadHtmlCacheBehavior [ RunTime:0.000431s ]
INFO: [ app_begin ] --END-- [ RunTime:0.000458s ]
SQL: SHOW COLUMNS FROM `user` [ RunTime:0.0016s ]
SQL: SELECT * FROM `user` WHERE `openid` = 'o6Pb941bTuieMg1mXTT5kOD4QgIg' LIMIT 1   [ RunTime:0.0003s ]
INFO: [ app_end ] --START--
INFO: Run Behavior\ShowPageTraceBehavior [ RunTime:0.000735s ]
INFO: [ app_end ] --END-- [ RunTime:0.000765s ]

[ 2018-11-13T19:38:22+08:00 ] 188.131.173.42 /tsg/index.php/Home/Wechat/openid/code/071HpI9E1Ukbm20bvb8E1erR9E1HpI9A
INFO: [ app_init ] --START--
INFO: Run Behavior\BuildLiteBehavior [ RunTime:0.000010s ]
INFO: [ app_init ] --END-- [ RunTime:0.000319s ]
INFO: [ app_begin ] --START--
INFO: Run Behavior\ReadHtmlCacheBehavior [ RunTime:0.000468s ]
INFO: [ app_begin ] --END-- [ RunTime:0.000497s ]
INFO: [ app_end ] --START--
INFO: Run Behavior\ShowPageTraceBehavior [ RunTime:0.000811s ]
INFO: [ app_end ] --END-- [ RunTime:0.000868s ]

[ 2018-11-13T19:38:22+08:00 ] 188.131.173.42 /tsg/index.php/Home/Wechat/user/openid/o6Pb941bTuieMg1mXTT5kOD4QgIg
INFO: [ app_init ] --START--
INFO: Run Behavior\BuildLiteBehavior [ RunTime:0.000010s ]
INFO: [ app_init ] --END-- [ RunTime:0.000322s ]
INFO: [ app_begin ] --START--
INFO: Run Behavior\ReadHtmlCacheBehavior [ RunTime:0.000452s ]
INFO: [ app_begin ] --END-- [ RunTime:0.000479s ]
SQL: SHOW COLUMNS FROM `user` [ RunTime:0.0274s ]
SQL: SELECT * FROM `user` WHERE `openid` = 'o6Pb941bTuieMg1mXTT5kOD4QgIg' LIMIT 1   [ RunTime:0.0275s ]
INFO: [ app_end ] --START--
INFO: Run Behavior\ShowPageTraceBehavior [ RunTime:0.000763s ]
INFO: [ app_end ] --END-- [ RunTime:0.000796s ]

[ 2018-11-13T19:38:37+08:00 ] 188.131.173.42 /tsg/index.php/Home/Wechat/seat/floor/1
INFO: [ app_init ] --START--
INFO: Run Behavior\BuildLiteBehavior [ RunTime:0.000011s ]
INFO: [ app_init ] --END-- [ RunTime:0.000298s ]
INFO: [ app_begin ] --START--
INFO: Run Behavior\ReadHtmlCacheBehavior [ RunTime:0.000420s ]
INFO: [ app_begin ] --END-- [ RunTime:0.000448s ]
SQL: SHOW COLUMNS FROM `seat` [ RunTime:0.0292s ]
SQL: SELECT * FROM `seat` WHERE `floor` = 1  [ RunTime:0.0333s ]
INFO: [ app_end ] --START--
INFO: Run Behavior\ShowPageTraceBehavior [ RunTime:0.000826s ]
INFO: [ app_end ] --END-- [ RunTime:0.000857s ]

[ 2018-11-13T19:38:37+08:00 ] 188.131.173.42 /tsg/index.php/Home/Wechat/openid/code/021JLJkb0cX8bv1xuulb0HuCkb0JLJkT
INFO: [ app_init ] --START--
INFO: Run Behavior\BuildLiteBehavior [ RunTime:0.000011s ]
INFO: [ app_init ] --END-- [ RunTime:0.000287s ]
INFO: [ app_begin ] --START--
INFO: Run Behavior\ReadHtmlCacheBehavior [ RunTime:0.000412s ]
INFO: [ app_begin ] --END-- [ RunTime:0.000440s ]
INFO: [ app_end ] --START--
INFO: Run Behavior\ShowPageTraceBehavior [ RunTime:0.000822s ]
INFO: [ app_end ] --END-- [ RunTime:0.000881s ]

[ 2018-11-13T19:38:37+08:00 ] 188.131.173.42 /tsg/index.php/Home/Wechat/seachuser/openid/o6Pb941bTuieMg1mXTT5kOD4QgIg
INFO: [ app_init ] --START--
INFO: Run Behavior\BuildLiteBehavior [ RunTime:0.000010s ]
INFO: [ app_init ] --END-- [ RunTime:0.000302s ]
INFO: [ app_begin ] --START--
INFO: Run Behavior\ReadHtmlCacheBehavior [ RunTime:0.000549s ]
INFO: [ app_begin ] --END-- [ RunTime:0.000584s ]
SQL: SHOW COLUMNS FROM `user` [ RunTime:0.0380s ]
SQL: SELECT * FROM `user` WHERE `openid` = 'o6Pb941bTuieMg1mXTT5kOD4QgIg' LIMIT 1   [ RunTime:0.0346s ]
INFO: [ app_end ] --START--
INFO: Run Behavior\ShowPageTraceBehavior [ RunTime:0.000799s ]
INFO: [ app_end ] --END-- [ RunTime:0.000831s ]

[ 2018-11-13T19:39:07+08:00 ] 188.131.173.42 /tsg/index.php/Home/Wechat/openid/code/001YPrQo1CpNMq0KhVNo1vzbQo1YPrQL
INFO: [ app_init ] --START--
INFO: Run Behavior\BuildLiteBehavior [ RunTime:0.000012s ]
INFO: [ app_init ] --END-- [ RunTime:0.000316s ]
INFO: [ app_begin ] --START--
INFO: Run Behavior\ReadHtmlCacheBehavior [ RunTime:0.000442s ]
INFO: [ app_begin ] --END-- [ RunTime:0.000471s ]
INFO: [ app_end ] --START--
INFO: Run Behavior\ShowPageTraceBehavior [ RunTime:0.000809s ]
INFO: [ app_end ] --END-- [ RunTime:0.000866s ]

[ 2018-11-13T19:39:07+08:00 ] 188.131.173.42 /tsg/index.php/Home/Wechat/seat/floor/1
INFO: [ app_init ] --START--
INFO: Run Behavior\BuildLiteBehavior [ RunTime:0.000011s ]
INFO: [ app_init ] --END-- [ RunTime:0.000365s ]
INFO: [ app_begin ] --START--
INFO: Run Behavior\ReadHtmlCacheBehavior [ RunTime:0.000474s ]
INFO: [ app_begin ] --END-- [ RunTime:0.000510s ]
SQL: SHOW COLUMNS FROM `seat` [ RunTime:0.0835s ]
SQL: SELECT * FROM `seat` WHERE `floor` = 1  [ RunTime:0.0007s ]
INFO: [ app_end ] --START--
INFO: Run Behavior\ShowPageTraceBehavior [ RunTime:0.000755s ]
INFO: [ app_end ] --END-- [ RunTime:0.000786s ]

[ 2018-11-13T19:39:07+08:00 ] 188.131.173.42 /tsg/index.php/Home/Wechat/seachuser/openid/o6Pb941bTuieMg1mXTT5kOD4QgIg
INFO: [ app_init ] --START--
INFO: Run Behavior\BuildLiteBehavior [ RunTime:0.000015s ]
INFO: [ app_init ] --END-- [ RunTime:0.000445s ]
INFO: [ app_begin ] --START--
INFO: Run Behavior\ReadHtmlCacheBehavior [ RunTime:0.000661s ]
INFO: [ app_begin ] --END-- [ RunTime:0.000702s ]
SQL: SHOW COLUMNS FROM `user` [ RunTime:0.0038s ]
SQL: SELECT * FROM `user` WHERE `openid` = 'o6Pb941bTuieMg1mXTT5kOD4QgIg' LIMIT 1   [ RunTime:0.0003s ]
INFO: [ app_end ] --START--
INFO: Run Behavior\ShowPageTraceBehavior [ RunTime:0.000635s ]
INFO: [ app_end ] --END-- [ RunTime:0.000664s ]

[ 2018-11-13T19:39:08+08:00 ] 188.131.173.42 /tsg/index.php/Home/Wechat/seat/floor/2
INFO: [ app_init ] --START--
INFO: Run Behavior\BuildLiteBehavior [ RunTime:0.000011s ]
INFO: [ app_init ] --END-- [ RunTime:0.000338s ]
INFO: [ app_begin ] --START--
INFO: Run Behavior\ReadHtmlCacheBehavior [ RunTime:0.000464s ]
INFO: [ app_begin ] --END-- [ RunTime:0.000492s ]
SQL: SHOW COLUMNS FROM `seat` [ RunTime:0.0473s ]
SQL: SELECT * FROM `seat` WHERE `floor` = 2  [ RunTime:0.0349s ]
INFO: [ app_end ] --START--
INFO: Run Behavior\ShowPageTraceBehavior [ RunTime:0.000821s ]
INFO: [ app_end ] --END-- [ RunTime:0.000854s ]

[ 2018-11-13T19:39:12+08:00 ] 188.131.173.42 /tsg/index.php/Home/Wechat/appointment?seatid=2A002&openid=o6Pb941bTuieMg1mXTT5kOD4QgIg
INFO: [ app_init ] --START--
INFO: Run Behavior\BuildLiteBehavior [ RunTime:0.000010s ]
INFO: [ app_init ] --END-- [ RunTime:0.000309s ]
INFO: [ app_begin ] --START--
INFO: Run Behavior\ReadHtmlCacheBehavior [ RunTime:0.000477s ]
INFO: [ app_begin ] --END-- [ RunTime:0.000506s ]
SQL: SHOW COLUMNS FROM `user` [ RunTime:0.0450s ]
SQL: SELECT * FROM `user` WHERE `openid` = 'o6Pb941bTuieMg1mXTT5kOD4QgIg' LIMIT 1   [ RunTime:0.0329s ]
SQL: SHOW COLUMNS FROM `seat` [ RunTime:0.0316s ]
SQL: SELECT * FROM `seat` WHERE `seatid` = '2A002' LIMIT 1   [ RunTime:0.0313s ]
SQL: UPDATE `seat` SET `seatid`='2A002',`status`='2' WHERE `id` = 2 [ RunTime:0.0436s ]
SQL: SHOW COLUMNS FROM `uselog` [ RunTime:0.0239s ]
SQL: INSERT INTO `uselog` (`seatid`,`openid`,`addtime`) VALUES ('2A002','o6Pb941bTuieMg1mXTT5kOD4QgIg','1542109152') [ RunTime:0.0350s ]
SQL: SHOW COLUMNS FROM `appointment` [ RunTime:0.0259s ]
SQL: INSERT INTO `appointment` (`addtime`,`openid`,`seatid`,`status`) VALUES ('1542109152','o6Pb941bTuieMg1mXTT5kOD4QgIg','2A002','1') [ RunTime:0.0447s ]
SQL: UPDATE `user` SET `openid`='o6Pb941bTuieMg1mXTT5kOD4QgIg',`status`='3' WHERE `id` = 137 [ RunTime:0.0326s ]
INFO: [ app_end ] --START--
INFO: Run Behavior\ShowPageTraceBehavior [ RunTime:0.000831s ]
INFO: [ app_end ] --END-- [ RunTime:0.000861s ]

[ 2018-11-13T19:39:20+08:00 ] 188.131.173.42 /tsg/index.php/Home/Wechat/study/?seatid=%7B%22show%22%3A%222A002%22%2C%22__webviewId__%22%3A8%7D
INFO: [ app_init ] --START--
INFO: Run Behavior\BuildLiteBehavior [ RunTime:0.000011s ]
INFO: [ app_init ] --END-- [ RunTime:0.000320s ]
INFO: [ app_begin ] --START--
INFO: Run Behavior\ReadHtmlCacheBehavior [ RunTime:0.000413s ]
INFO: [ app_begin ] --END-- [ RunTime:0.000442s ]
SQL: SHOW COLUMNS FROM `seat` [ RunTime:0.0475s ]
SQL: SELECT * FROM `seat` WHERE `status` = 2  [ RunTime:0.0373s ]
INFO: [ app_end ] --START--
INFO: Run Behavior\ShowPageTraceBehavior [ RunTime:0.000863s ]
INFO: [ app_end ] --END-- [ RunTime:0.000902s ]

[ 2018-11-13T19:39:27+08:00 ] 188.131.173.42 /tsg/index.php/Home/Wechat/openid/code/011pKBgY1w90OS0qVUfY1GdxgY1pKBge
INFO: [ app_init ] --START--
INFO: Run Behavior\BuildLiteBehavior [ RunTime:0.000011s ]
INFO: [ app_init ] --END-- [ RunTime:0.000291s ]
INFO: [ app_begin ] --START--
INFO: Run Behavior\ReadHtmlCacheBehavior [ RunTime:0.000429s ]
INFO: [ app_begin ] --END-- [ RunTime:0.000459s ]
INFO: [ app_end ] --START--
INFO: Run Behavior\ShowPageTraceBehavior [ RunTime:0.000825s ]
INFO: [ app_end ] --END-- [ RunTime:0.000883s ]

[ 2018-11-13T19:39:27+08:00 ] 188.131.173.42 /tsg/index.php/Home/Wechat/user/openid/o6Pb941bTuieMg1mXTT5kOD4QgIg
INFO: [ app_init ] --START--
INFO: Run Behavior\BuildLiteBehavior [ RunTime:0.000011s ]
INFO: [ app_init ] --END-- [ RunTime:0.000291s ]
INFO: [ app_begin ] --START--
INFO: Run Behavior\ReadHtmlCacheBehavior [ RunTime:0.000442s ]
INFO: [ app_begin ] --END-- [ RunTime:0.000469s ]
SQL: SHOW COLUMNS FROM `user` [ RunTime:0.0298s ]
SQL: SELECT * FROM `user` WHERE `openid` = 'o6Pb941bTuieMg1mXTT5kOD4QgIg' LIMIT 1   [ RunTime:0.0306s ]
INFO: [ app_end ] --START--
INFO: Run Behavior\ShowPageTraceBehavior [ RunTime:0.000787s ]
INFO: [ app_end ] --END-- [ RunTime:0.000819s ]

[ 2018-11-13T19:39:32+08:00 ] 188.131.173.42 /tsg/index.php/Home/Wechat/seat/floor/3
INFO: [ app_init ] --START--
INFO: Run Behavior\BuildLiteBehavior [ RunTime:0.000012s ]
INFO: [ app_init ] --END-- [ RunTime:0.000329s ]
INFO: [ app_begin ] --START--
INFO: Run Behavior\ReadHtmlCacheBehavior [ RunTime:0.000459s ]
INFO: [ app_begin ] --END-- [ RunTime:0.000486s ]
SQL: SHOW COLUMNS FROM `seat` [ RunTime:0.0416s ]
SQL: SELECT * FROM `seat` WHERE `floor` = 3  [ RunTime:0.0350s ]
INFO: [ app_end ] --START--
INFO: Run Behavior\ShowPageTraceBehavior [ RunTime:0.000770s ]
INFO: [ app_end ] --END-- [ RunTime:0.000801s ]

[ 2018-11-13T19:39:33+08:00 ] 188.131.173.42 /tsg/index.php/Home/Wechat/seat/floor/2
INFO: [ app_init ] --START--
INFO: Run Behavior\BuildLiteBehavior [ RunTime:0.000011s ]
INFO: [ app_init ] --END-- [ RunTime:0.000294s ]
INFO: [ app_begin ] --START--
INFO: Run Behavior\ReadHtmlCacheBehavior [ RunTime:0.000413s ]
INFO: [ app_begin ] --END-- [ RunTime:0.000441s ]
SQL: SHOW COLUMNS FROM `seat` [ RunTime:0.0315s ]
SQL: SELECT * FROM `seat` WHERE `floor` = 2  [ RunTime:0.0317s ]
INFO: [ app_end ] --START--
INFO: Run Behavior\ShowPageTraceBehavior [ RunTime:0.000753s ]
INFO: [ app_end ] --END-- [ RunTime:0.000787s ]

[ 2018-11-13T19:39:38+08:00 ] 188.131.173.42 /tsg/index.php/Home/Wechat/seat/floor/1
INFO: [ app_init ] --START--
INFO: Run Behavior\BuildLiteBehavior [ RunTime:0.000011s ]
INFO: [ app_init ] --END-- [ RunTime:0.000285s ]
INFO: [ app_begin ] --START--
INFO: Run Behavior\ReadHtmlCacheBehavior [ RunTime:0.000407s ]
INFO: [ app_begin ] --END-- [ RunTime:0.000436s ]
SQL: SHOW COLUMNS FROM `seat` [ RunTime:0.0356s ]
SQL: SELECT * FROM `seat` WHERE `floor` = 1  [ RunTime:0.0513s ]
INFO: [ app_end ] --START--
INFO: Run Behavior\ShowPageTraceBehavior [ RunTime:0.000798s ]
INFO: [ app_end ] --END-- [ RunTime:0.000833s ]

[ 2018-11-13T19:39:38+08:00 ] 188.131.173.42 /tsg/index.php/Home/Wechat/openid/code/0812WHoL1QEDM51zU2nL1mxjoL12WHoP
INFO: [ app_init ] --START--
INFO: Run Behavior\BuildLiteBehavior [ RunTime:0.000012s ]
INFO: [ app_init ] --END-- [ RunTime:0.000340s ]
INFO: [ app_begin ] --START--
INFO: Run Behavior\ReadHtmlCacheBehavior [ RunTime:0.000485s ]
INFO: [ app_begin ] --END-- [ RunTime:0.000517s ]
INFO: [ app_end ] --START--
INFO: Run Behavior\ShowPageTraceBehavior [ RunTime:0.000797s ]
INFO: [ app_end ] --END-- [ RunTime:0.000856s ]

[ 2018-11-13T19:39:39+08:00 ] 188.131.173.42 /tsg/index.php/Home/Wechat/seachuser/openid/o6Pb941bTuieMg1mXTT5kOD4QgIg
INFO: [ app_init ] --START--
INFO: Run Behavior\BuildLiteBehavior [ RunTime:0.000012s ]
INFO: [ app_init ] --END-- [ RunTime:0.000300s ]
INFO: [ app_begin ] --START--
INFO: Run Behavior\ReadHtmlCacheBehavior [ RunTime:0.000424s ]
INFO: [ app_begin ] --END-- [ RunTime:0.000452s ]
SQL: SHOW COLUMNS FROM `user` [ RunTime:0.0357s ]
SQL: SELECT * FROM `user` WHERE `openid` = 'o6Pb941bTuieMg1mXTT5kOD4QgIg' LIMIT 1   [ RunTime:0.0453s ]
INFO: [ app_end ] --START--
INFO: Run Behavior\ShowPageTraceBehavior [ RunTime:0.000778s ]
INFO: [ app_end ] --END-- [ RunTime:0.000809s ]

[ 2018-11-13T19:39:41+08:00 ] 188.131.173.42 /tsg/index.php/Home/Wechat/seat/floor/2
INFO: [ app_init ] --START--
INFO: Run Behavior\BuildLiteBehavior [ RunTime:0.000044s ]
INFO: [ app_init ] --END-- [ RunTime:0.000326s ]
INFO: [ app_begin ] --START--
INFO: Run Behavior\ReadHtmlCacheBehavior [ RunTime:0.000427s ]
INFO: [ app_begin ] --END-- [ RunTime:0.000456s ]
SQL: SHOW COLUMNS FROM `seat` [ RunTime:0.0348s ]
SQL: SELECT * FROM `seat` WHERE `floor` = 2  [ RunTime:0.0330s ]
INFO: [ app_end ] --START--
INFO: Run Behavior\ShowPageTraceBehavior [ RunTime:0.000782s ]
INFO: [ app_end ] --END-- [ RunTime:0.000819s ]

[ 2018-11-13T19:41:09+08:00 ] 188.131.173.42 /tsg/index.php/Home/Wechat/seat/floor/1
INFO: [ app_init ] --START--
INFO: Run Behavior\BuildLiteBehavior [ RunTime:0.000011s ]
INFO: [ app_init ] --END-- [ RunTime:0.000351s ]
INFO: [ app_begin ] --START--
INFO: Run Behavior\ReadHtmlCacheBehavior [ RunTime:0.000493s ]
INFO: [ app_begin ] --END-- [ RunTime:0.000521s ]
SQL: SHOW COLUMNS FROM `seat` [ RunTime:0.0291s ]
SQL: SELECT * FROM `seat` WHERE `floor` = 1  [ RunTime:0.0318s ]
INFO: [ app_end ] --START--
INFO: Run Behavior\ShowPageTraceBehavior [ RunTime:0.000830s ]
INFO: [ app_end ] --END-- [ RunTime:0.000863s ]

[ 2018-11-13T19:41:10+08:00 ] 188.131.173.42 /tsg/index.php/Home/Wechat/openid/code/011RPXo218nPLO1SQoo21Vyhp21RPXoS
INFO: [ app_init ] --START--
INFO: Run Behavior\BuildLiteBehavior [ RunTime:0.000011s ]
INFO: [ app_init ] --END-- [ RunTime:0.000365s ]
INFO: [ app_begin ] --START--
INFO: Run Behavior\ReadHtmlCacheBehavior [ RunTime:0.000502s ]
INFO: [ app_begin ] --END-- [ RunTime:0.000532s ]
INFO: [ app_end ] --START--
INFO: Run Behavior\ShowPageTraceBehavior [ RunTime:0.000791s ]
INFO: [ app_end ] --END-- [ RunTime:0.000845s ]

[ 2018-11-13T19:41:10+08:00 ] 188.131.173.42 /tsg/index.php/Home/Wechat/seachuser/openid/o6Pb941bTuieMg1mXTT5kOD4QgIg
INFO: [ app_init ] --START--
INFO: Run Behavior\BuildLiteBehavior [ RunTime:0.000011s ]
INFO: [ app_init ] --END-- [ RunTime:0.000296s ]
INFO: [ app_begin ] --START--
INFO: Run Behavior\ReadHtmlCacheBehavior [ RunTime:0.000419s ]
INFO: [ app_begin ] --END-- [ RunTime:0.000448s ]
SQL: SHOW COLUMNS FROM `user` [ RunTime:0.0329s ]
SQL: SELECT * FROM `user` WHERE `openid` = 'o6Pb941bTuieMg1mXTT5kOD4QgIg' LIMIT 1   [ RunTime:0.0305s ]
INFO: [ app_end ] --START--
INFO: Run Behavior\ShowPageTraceBehavior [ RunTime:0.000780s ]
INFO: [ app_end ] --END-- [ RunTime:0.000813s ]

[ 2018-11-13T19:41:13+08:00 ] 188.131.173.42 /tsg/index.php/Home/Wechat/seat/floor/2
INFO: [ app_init ] --START--
INFO: Run Behavior\BuildLiteBehavior [ RunTime:0.000011s ]
INFO: [ app_init ] --END-- [ RunTime:0.000378s ]
INFO: [ app_begin ] --START--
INFO: Run Behavior\ReadHtmlCacheBehavior [ RunTime:0.000507s ]
INFO: [ app_begin ] --END-- [ RunTime:0.000535s ]
SQL: SHOW COLUMNS FROM `seat` [ RunTime:0.0431s ]
SQL: SELECT * FROM `seat` WHERE `floor` = 2  [ RunTime:0.0347s ]
INFO: [ app_end ] --START--
INFO: Run Behavior\ShowPageTraceBehavior [ RunTime:0.000805s ]
INFO: [ app_end ] --END-- [ RunTime:0.000840s ]

[ 2018-11-13T19:41:16+08:00 ] 188.131.173.42 /tsg/index.php/Home/Wechat/appointment?seatid=2A002&openid=o6Pb941bTuieMg1mXTT5kOD4QgIg
INFO: [ app_init ] --START--
INFO: Run Behavior\BuildLiteBehavior [ RunTime:0.000011s ]
INFO: [ app_init ] --END-- [ RunTime:0.000325s ]
INFO: [ app_begin ] --START--
INFO: Run Behavior\ReadHtmlCacheBehavior [ RunTime:0.000449s ]
INFO: [ app_begin ] --END-- [ RunTime:0.000476s ]
SQL: SHOW COLUMNS FROM `user` [ RunTime:0.0308s ]
SQL: SELECT * FROM `user` WHERE `openid` = 'o6Pb941bTuieMg1mXTT5kOD4QgIg' LIMIT 1   [ RunTime:0.0259s ]
SQL: SHOW COLUMNS FROM `seat` [ RunTime:0.0272s ]
SQL: SELECT * FROM `seat` WHERE `seatid` = '2A002' LIMIT 1   [ RunTime:0.0284s ]
INFO: [ app_end ] --START--
INFO: Run Behavior\ShowPageTraceBehavior [ RunTime:0.000791s ]
INFO: [ app_end ] --END-- [ RunTime:0.000821s ]

[ 2018-11-13T19:41:27+08:00 ] 188.131.173.42 /tsg/index.php/Home/Wechat/study/[object%20Object]
INFO: [ app_init ] --START--
INFO: Run Behavior\BuildLiteBehavior [ RunTime:0.000011s ]
INFO: [ app_init ] --END-- [ RunTime:0.000297s ]
INFO: [ app_begin ] --START--
INFO: Run Behavior\ReadHtmlCacheBehavior [ RunTime:0.000410s ]
INFO: [ app_begin ] --END-- [ RunTime:0.000438s ]
NOTIC: [8] Undefined index: seatid C:\xampp\htdocs\tsg\Application\Home\Controller\WechatController.class.php 第 31 行.
SQL: SHOW COLUMNS FROM `seat` [ RunTime:0.0280s ]
SQL: SELECT * FROM `seat` WHERE `status` = 2  [ RunTime:0.0286s ]
INFO: [ app_end ] --START--
INFO: Run Behavior\ShowPageTraceBehavior [ RunTime:0.000800s ]
INFO: [ app_end ] --END-- [ RunTime:0.000833s ]

[ 2018-11-13T19:41:34+08:00 ] 188.131.173.42 /tsg/index.php/Home/Wechat/openid/code/061gthLp1KNYGp0leSIp1LrWKp1gthLr
INFO: [ app_init ] --START--
INFO: Run Behavior\BuildLiteBehavior [ RunTime:0.000011s ]
INFO: [ app_init ] --END-- [ RunTime:0.000301s ]
INFO: [ app_begin ] --START--
INFO: Run Behavior\ReadHtmlCacheBehavior [ RunTime:0.000416s ]
INFO: [ app_begin ] --END-- [ RunTime:0.000443s ]
INFO: [ app_end ] --START--
INFO: Run Behavior\ShowPageTraceBehavior [ RunTime:0.000770s ]
INFO: [ app_end ] --END-- [ RunTime:0.000825s ]

[ 2018-11-13T19:41:35+08:00 ] 188.131.173.42 /tsg/index.php/Home/Wechat/user/openid/o6Pb941bTuieMg1mXTT5kOD4QgIg
INFO: [ app_init ] --START--
INFO: Run Behavior\BuildLiteBehavior [ RunTime:0.000011s ]
INFO: [ app_init ] --END-- [ RunTime:0.000293s ]
INFO: [ app_begin ] --START--
INFO: Run Behavior\ReadHtmlCacheBehavior [ RunTime:0.000420s ]
INFO: [ app_begin ] --END-- [ RunTime:0.000446s ]
SQL: SHOW COLUMNS FROM `user` [ RunTime:0.0326s ]
SQL: SELECT * FROM `user` WHERE `openid` = 'o6Pb941bTuieMg1mXTT5kOD4QgIg' LIMIT 1   [ RunTime:0.0516s ]
INFO: [ app_end ] --START--
INFO: Run Behavior\ShowPageTraceBehavior [ RunTime:0.000830s ]
INFO: [ app_end ] --END-- [ RunTime:0.000862s ]

[ 2018-11-13T20:02:53+08:00 ] 188.131.173.42 /tsg/index.php/Home/Wechat/seat/floor/1
INFO: [ app_init ] --START--
INFO: Run Behavior\BuildLiteBehavior [ RunTime:0.000012s ]
INFO: [ app_init ] --END-- [ RunTime:0.000337s ]
INFO: [ app_begin ] --START--
INFO: Run Behavior\ReadHtmlCacheBehavior [ RunTime:0.000569s ]
INFO: [ app_begin ] --END-- [ RunTime:0.000601s ]
SQL: SHOW COLUMNS FROM `seat` [ RunTime:0.0016s ]
SQL: SELECT * FROM `seat` WHERE `floor` = 1  [ RunTime:0.0003s ]
INFO: [ app_end ] --START--
INFO: Run Behavior\ShowPageTraceBehavior [ RunTime:0.000825s ]
INFO: [ app_end ] --END-- [ RunTime:0.000857s ]

[ 2018-11-13T20:02:53+08:00 ] 188.131.173.42 /tsg/index.php/Home/Wechat/openid/code/061EED562avH5L017p862QhG562EED5U
INFO: [ app_init ] --START--
INFO: Run Behavior\BuildLiteBehavior [ RunTime:0.000011s ]
INFO: [ app_init ] --END-- [ RunTime:0.000341s ]
INFO: [ app_begin ] --START--
INFO: Run Behavior\ReadHtmlCacheBehavior [ RunTime:0.000547s ]
INFO: [ app_begin ] --END-- [ RunTime:0.000580s ]
INFO: [ app_end ] --START--
INFO: Run Behavior\ShowPageTraceBehavior [ RunTime:0.000884s ]
INFO: [ app_end ] --END-- [ RunTime:0.000943s ]

[ 2018-11-13T20:02:53+08:00 ] 188.131.173.42 /tsg/index.php/Home/Wechat/seachuser/openid/o6Pb941bTuieMg1mXTT5kOD4QgIg
INFO: [ app_init ] --START--
INFO: Run Behavior\BuildLiteBehavior [ RunTime:0.000012s ]
INFO: [ app_init ] --END-- [ RunTime:0.000345s ]
INFO: [ app_begin ] --START--
INFO: Run Behavior\ReadHtmlCacheBehavior [ RunTime:0.000442s ]
INFO: [ app_begin ] --END-- [ RunTime:0.000477s ]
SQL: SHOW COLUMNS FROM `user` [ RunTime:0.0370s ]
SQL: SELECT * FROM `user` WHERE `openid` = 'o6Pb941bTuieMg1mXTT5kOD4QgIg' LIMIT 1   [ RunTime:0.0004s ]
INFO: [ app_end ] --START--
INFO: Run Behavior\ShowPageTraceBehavior [ RunTime:0.000817s ]
INFO: [ app_end ] --END-- [ RunTime:0.000887s ]

[ 2018-11-13T20:03:05+08:00 ] 188.131.173.42 /tsg/index.php/Home/Wechat/study/[object%20Object]
INFO: [ app_init ] --START--
INFO: Run Behavior\BuildLiteBehavior [ RunTime:0.000015s ]
INFO: [ app_init ] --END-- [ RunTime:0.000430s ]
INFO: [ app_begin ] --START--
INFO: Run Behavior\ReadHtmlCacheBehavior [ RunTime:0.000675s ]
INFO: [ app_begin ] --END-- [ RunTime:0.000718s ]
NOTIC: [8] Undefined index: seatid C:\xampp\htdocs\tsg\Application\Home\Controller\WechatController.class.php 第 31 行.
SQL: SHOW COLUMNS FROM `seat` [ RunTime:0.0950s ]
SQL: SELECT * FROM `seat` WHERE `status` = 2  [ RunTime:0.0004s ]
INFO: [ app_end ] --START--
INFO: Run Behavior\ShowPageTraceBehavior [ RunTime:0.000742s ]
INFO: [ app_end ] --END-- [ RunTime:0.000774s ]

[ 2018-11-13T20:05:49+08:00 ] 188.131.173.42 /tsg/index.php/Home/Wechat/seat/floor/1
INFO: [ app_init ] --START--
INFO: Run Behavior\BuildLiteBehavior [ RunTime:0.000010s ]
INFO: [ app_init ] --END-- [ RunTime:0.000372s ]
INFO: [ app_begin ] --START--
INFO: Run Behavior\ReadHtmlCacheBehavior [ RunTime:0.000514s ]
INFO: [ app_begin ] --END-- [ RunTime:0.000544s ]
SQL: SHOW COLUMNS FROM `seat` [ RunTime:0.0017s ]
SQL: SELECT * FROM `seat` WHERE `floor` = 1  [ RunTime:0.0003s ]
INFO: [ app_end ] --START--
INFO: Run Behavior\ShowPageTraceBehavior [ RunTime:0.000928s ]
INFO: [ app_end ] --END-- [ RunTime:0.000961s ]

[ 2018-11-13T20:05:49+08:00 ] 188.131.173.42 /tsg/index.php/Home/Wechat/openid/code/001WRYFj0BEyRm1SnkFj0nLSFj0WRYFy
INFO: [ app_init ] --START--
INFO: Run Behavior\BuildLiteBehavior [ RunTime:0.000015s ]
INFO: [ app_init ] --END-- [ RunTime:0.000357s ]
INFO: [ app_begin ] --START--
INFO: Run Behavior\ReadHtmlCacheBehavior [ RunTime:0.000511s ]
INFO: [ app_begin ] --END-- [ RunTime:0.000547s ]
INFO: [ app_end ] --START--
INFO: Run Behavior\ShowPageTraceBehavior [ RunTime:0.000820s ]
INFO: [ app_end ] --END-- [ RunTime:0.000877s ]

[ 2018-11-13T20:05:49+08:00 ] 188.131.173.42 /tsg/index.php/Home/Wechat/seachuser/openid/o6Pb941bTuieMg1mXTT5kOD4QgIg
INFO: [ app_init ] --START--
INFO: Run Behavior\BuildLiteBehavior [ RunTime:0.000012s ]
INFO: [ app_init ] --END-- [ RunTime:0.000419s ]
INFO: [ app_begin ] --START--
INFO: Run Behavior\ReadHtmlCacheBehavior [ RunTime:0.000478s ]
INFO: [ app_begin ] --END-- [ RunTime:0.000537s ]
SQL: SHOW COLUMNS FROM `user` [ RunTime:0.0016s ]
SQL: SELECT * FROM `user` WHERE `openid` = 'o6Pb941bTuieMg1mXTT5kOD4QgIg' LIMIT 1   [ RunTime:0.0004s ]
INFO: [ app_end ] --START--
INFO: Run Behavior\ShowPageTraceBehavior [ RunTime:0.000772s ]
INFO: [ app_end ] --END-- [ RunTime:0.000802s ]

[ 2018-11-13T20:05:57+08:00 ] 188.131.173.42 /tsg/index.php/Home/Wechat/study/1A001
INFO: [ app_init ] --START--
INFO: Run Behavior\BuildLiteBehavior [ RunTime:0.000011s ]
INFO: [ app_init ] --END-- [ RunTime:0.000296s ]
INFO: [ app_begin ] --START--
INFO: Run Behavior\ReadHtmlCacheBehavior [ RunTime:0.000463s ]
INFO: [ app_begin ] --END-- [ RunTime:0.000496s ]
NOTIC: [8] Undefined index: seatid C:\xampp\htdocs\tsg\Application\Home\Controller\WechatController.class.php 第 31 行.
SQL: SHOW COLUMNS FROM `seat` [ RunTime:0.0015s ]
SQL: SELECT * FROM `seat` WHERE `status` = 2  [ RunTime:0.0003s ]
INFO: [ app_end ] --START--
INFO: Run Behavior\ShowPageTraceBehavior [ RunTime:0.000757s ]
INFO: [ app_end ] --END-- [ RunTime:0.000786s ]

[ 2018-11-13T20:06:20+08:00 ] 188.131.173.42 /tsg/index.php/Home/Wechat/study/1A001
INFO: [ app_init ] --START--
INFO: Run Behavior\BuildLiteBehavior [ RunTime:0.000010s ]
INFO: [ app_init ] --END-- [ RunTime:0.000333s ]
INFO: [ app_begin ] --START--
INFO: Run Behavior\ReadHtmlCacheBehavior [ RunTime:0.000453s ]
INFO: [ app_begin ] --END-- [ RunTime:0.000482s ]
NOTIC: [8] Undefined index: seatid C:\xampp\htdocs\tsg\Application\Home\Controller\WechatController.class.php 第 31 行.
SQL: SHOW COLUMNS FROM `seat` [ RunTime:0.0015s ]
SQL: SELECT * FROM `seat` WHERE `status` = 2  [ RunTime:0.0003s ]
INFO: [ app_end ] --START--
INFO: Run Behavior\ShowPageTraceBehavior [ RunTime:0.000760s ]
INFO: [ app_end ] --END-- [ RunTime:0.000790s ]

[ 2018-11-13T20:07:43+08:00 ] 188.131.173.42 /tsg/index.php/Home/Wechat/seat/floor/1
INFO: [ app_init ] --START--
INFO: Run Behavior\BuildLiteBehavior [ RunTime:0.000012s ]
INFO: [ app_init ] --END-- [ RunTime:0.000343s ]
INFO: [ app_begin ] --START--
INFO: Run Behavior\ReadHtmlCacheBehavior [ RunTime:0.000491s ]
INFO: [ app_begin ] --END-- [ RunTime:0.000522s ]
SQL: SHOW COLUMNS FROM `seat` [ RunTime:0.0016s ]
SQL: SELECT * FROM `seat` WHERE `floor` = 1  [ RunTime:0.0003s ]
INFO: [ app_end ] --START--
INFO: Run Behavior\ShowPageTraceBehavior [ RunTime:0.000741s ]
INFO: [ app_end ] --END-- [ RunTime:0.000781s ]

[ 2018-11-13T20:07:43+08:00 ] 188.131.173.42 /tsg/index.php/Home/Wechat/openid/code/001ZvvHb0q1nHu131OEb0C6EHb0ZvvHs
INFO: [ app_init ] --START--
INFO: Run Behavior\BuildLiteBehavior [ RunTime:0.000011s ]
INFO: [ app_init ] --END-- [ RunTime:0.000303s ]
INFO: [ app_begin ] --START--
INFO: Run Behavior\ReadHtmlCacheBehavior [ RunTime:0.000425s ]
INFO: [ app_begin ] --END-- [ RunTime:0.000454s ]
INFO: [ app_end ] --START--
INFO: Run Behavior\ShowPageTraceBehavior [ RunTime:0.000832s ]
INFO: [ app_end ] --END-- [ RunTime:0.000892s ]

[ 2018-11-13T20:07:44+08:00 ] 188.131.173.42 /tsg/index.php/Home/Wechat/seachuser/openid/o6Pb941bTuieMg1mXTT5kOD4QgIg
INFO: [ app_init ] --START--
INFO: Run Behavior\BuildLiteBehavior [ RunTime:0.000016s ]
INFO: [ app_init ] --END-- [ RunTime:0.000355s ]
INFO: [ app_begin ] --START--
INFO: Run Behavior\ReadHtmlCacheBehavior [ RunTime:0.000504s ]
INFO: [ app_begin ] --END-- [ RunTime:0.000533s ]
SQL: SHOW COLUMNS FROM `user` [ RunTime:0.0015s ]
SQL: SELECT * FROM `user` WHERE `openid` = 'o6Pb941bTuieMg1mXTT5kOD4QgIg' LIMIT 1   [ RunTime:0.0003s ]
INFO: [ app_end ] --START--
INFO: Run Behavior\ShowPageTraceBehavior [ RunTime:0.000718s ]
INFO: [ app_end ] --END-- [ RunTime:0.000748s ]

[ 2018-11-13T20:07:51+08:00 ] 188.131.173.42 /tsg/index.php/Home/Wechat/study/1A001
INFO: [ app_init ] --START--
INFO: Run Behavior\BuildLiteBehavior [ RunTime:0.000012s ]
INFO: [ app_init ] --END-- [ RunTime:0.000355s ]
INFO: [ app_begin ] --START--
INFO: Run Behavior\ReadHtmlCacheBehavior [ RunTime:0.000536s ]
INFO: [ app_begin ] --END-- [ RunTime:0.000567s ]
NOTIC: [8] Undefined index: seatid C:\xampp\htdocs\tsg\Application\Home\Controller\WechatController.class.php 第 31 行.
SQL: SHOW COLUMNS FROM `seat` [ RunTime:0.0015s ]
SQL: SELECT * FROM `seat` WHERE `status` = 2  [ RunTime:0.0003s ]
NOTIC: [8] Undefined variable: result C:\xampp\htdocs\tsg\Application\Home\Controller\WechatController.class.php 第 44 行.
INFO: [ app_end ] --START--
INFO: Run Behavior\ShowPageTraceBehavior [ RunTime:0.000899s ]
INFO: [ app_end ] --END-- [ RunTime:0.000929s ]

[ 2018-11-13T20:11:08+08:00 ] 188.131.173.42 /tsg/index.php/Home/Wechat/seat/floor/1
INFO: [ app_init ] --START--
INFO: Run Behavior\BuildLiteBehavior [ RunTime:0.000011s ]
INFO: [ app_init ] --END-- [ RunTime:0.000329s ]
INFO: [ app_begin ] --START--
INFO: Run Behavior\ReadHtmlCacheBehavior [ RunTime:0.000529s ]
INFO: [ app_begin ] --END-- [ RunTime:0.000564s ]
SQL: SHOW COLUMNS FROM `seat` [ RunTime:0.0015s ]
SQL: SELECT * FROM `seat` WHERE `floor` = 1  [ RunTime:0.0009s ]
INFO: [ app_end ] --START--
INFO: Run Behavior\ShowPageTraceBehavior [ RunTime:0.000840s ]
INFO: [ app_end ] --END-- [ RunTime:0.000871s ]

[ 2018-11-13T20:11:09+08:00 ] 188.131.173.42 /tsg/index.php/Home/Wechat/openid/code/021egiFz08xXMf1Q1ODz0I62Fz0egiF7
INFO: [ app_init ] --START--
INFO: Run Behavior\BuildLiteBehavior [ RunTime:0.000011s ]
INFO: [ app_init ] --END-- [ RunTime:0.000331s ]
INFO: [ app_begin ] --START--
INFO: Run Behavior\ReadHtmlCacheBehavior [ RunTime:0.000451s ]
INFO: [ app_begin ] --END-- [ RunTime:0.000485s ]
INFO: [ app_end ] --START--
INFO: Run Behavior\ShowPageTraceBehavior [ RunTime:0.000742s ]
INFO: [ app_end ] --END-- [ RunTime:0.000800s ]

[ 2018-11-13T20:11:09+08:00 ] 188.131.173.42 /tsg/index.php/Home/Wechat/seachuser/openid/o6Pb941bTuieMg1mXTT5kOD4QgIg
INFO: [ app_init ] --START--
INFO: Run Behavior\BuildLiteBehavior [ RunTime:0.000012s ]
INFO: [ app_init ] --END-- [ RunTime:0.000352s ]
INFO: [ app_begin ] --START--
INFO: Run Behavior\ReadHtmlCacheBehavior [ RunTime:0.000431s ]
INFO: [ app_begin ] --END-- [ RunTime:0.000460s ]
SQL: SHOW COLUMNS FROM `user` [ RunTime:0.0015s ]
SQL: SELECT * FROM `user` WHERE `openid` = 'o6Pb941bTuieMg1mXTT5kOD4QgIg' LIMIT 1   [ RunTime:0.0003s ]
INFO: [ app_end ] --START--
INFO: Run Behavior\ShowPageTraceBehavior [ RunTime:0.000737s ]
INFO: [ app_end ] --END-- [ RunTime:0.000767s ]

[ 2018-11-13T20:11:15+08:00 ] 188.131.173.42 /tsg/index.php/Home/Wechat/study/1A001
INFO: [ app_init ] --START--
INFO: Run Behavior\BuildLiteBehavior [ RunTime:0.000011s ]
INFO: [ app_init ] --END-- [ RunTime:0.000301s ]
INFO: [ app_begin ] --START--
INFO: Run Behavior\ReadHtmlCacheBehavior [ RunTime:0.000441s ]
INFO: [ app_begin ] --END-- [ RunTime:0.000473s ]
NOTIC: [8] Undefined index: seatid C:\xampp\htdocs\tsg\Application\Home\Controller\WechatController.class.php 第 31 行.
SQL: SHOW COLUMNS FROM `seat` [ RunTime:0.0015s ]
SQL: SELECT * FROM `seat` WHERE `status` = 2  [ RunTime:0.0003s ]
INFO: [ app_end ] --START--
INFO: Run Behavior\ShowPageTraceBehavior [ RunTime:0.000770s ]
INFO: [ app_end ] --END-- [ RunTime:0.000799s ]

[ 2018-11-13T20:13:20+08:00 ] 188.131.173.42 /tsg/index.php/Home/Wechat/seat/floor/1
INFO: [ app_init ] --START--
INFO: Run Behavior\BuildLiteBehavior [ RunTime:0.000012s ]
INFO: [ app_init ] --END-- [ RunTime:0.000355s ]
INFO: [ app_begin ] --START--
INFO: Run Behavior\ReadHtmlCacheBehavior [ RunTime:0.000545s ]
INFO: [ app_begin ] --END-- [ RunTime:0.000574s ]
SQL: SHOW COLUMNS FROM `seat` [ RunTime:0.0015s ]
SQL: SELECT * FROM `seat` WHERE `floor` = 1  [ RunTime:0.0002s ]
INFO: [ app_end ] --START--
INFO: Run Behavior\ShowPageTraceBehavior [ RunTime:0.000836s ]
INFO: [ app_end ] --END-- [ RunTime:0.000866s ]

[ 2018-11-13T20:13:20+08:00 ] 188.131.173.42 /tsg/index.php/Home/Wechat/openid/code/081Rdvae1xVIns0v5nce1yhxae1RdvaJ
INFO: [ app_init ] --START--
INFO: Run Behavior\BuildLiteBehavior [ RunTime:0.000061s ]
INFO: [ app_init ] --END-- [ RunTime:0.000362s ]
INFO: [ app_begin ] --START--
INFO: Run Behavior\ReadHtmlCacheBehavior [ RunTime:0.000436s ]
INFO: [ app_begin ] --END-- [ RunTime:0.000492s ]
INFO: [ app_end ] --START--
INFO: Run Behavior\ShowPageTraceBehavior [ RunTime:0.000797s ]
INFO: [ app_end ] --END-- [ RunTime:0.000854s ]

[ 2018-11-13T20:13:20+08:00 ] 188.131.173.42 /tsg/index.php/Home/Wechat/seachuser/openid/o6Pb941bTuieMg1mXTT5kOD4QgIg
INFO: [ app_init ] --START--
INFO: Run Behavior\BuildLiteBehavior [ RunTime:0.000011s ]
INFO: [ app_init ] --END-- [ RunTime:0.000298s ]
INFO: [ app_begin ] --START--
INFO: Run Behavior\ReadHtmlCacheBehavior [ RunTime:0.000421s ]
INFO: [ app_begin ] --END-- [ RunTime:0.000451s ]
SQL: SHOW COLUMNS FROM `user` [ RunTime:0.0015s ]
SQL: SELECT * FROM `user` WHERE `openid` = 'o6Pb941bTuieMg1mXTT5kOD4QgIg' LIMIT 1   [ RunTime:0.0004s ]
INFO: [ app_end ] --START--
INFO: Run Behavior\ShowPageTraceBehavior [ RunTime:0.000708s ]
INFO: [ app_end ] --END-- [ RunTime:0.000739s ]

[ 2018-11-13T20:13:28+08:00 ] 188.131.173.42 /tsg/index.php/Home/Wechat/study/?seatid=1A001
INFO: [ app_init ] --START--
INFO: Run Behavior\BuildLiteBehavior [ RunTime:0.000011s ]
INFO: [ app_init ] --END-- [ RunTime:0.000287s ]
INFO: [ app_begin ] --START--
INFO: Run Behavior\ReadHtmlCacheBehavior [ RunTime:0.000419s ]
INFO: [ app_begin ] --END-- [ RunTime:0.000456s ]
SQL: SHOW COLUMNS FROM `seat` [ RunTime:0.0015s ]
SQL: SELECT * FROM `seat` WHERE `status` = 2  [ RunTime:0.0002s ]
INFO: [ app_end ] --START--
INFO: Run Behavior\ShowPageTraceBehavior [ RunTime:0.000744s ]
INFO: [ app_end ] --END-- [ RunTime:0.000774s ]

[ 2018-11-13T20:14:31+08:00 ] 188.131.173.42 /tsg/index.php/Home/Wechat/seat/floor/1
INFO: [ app_init ] --START--
INFO: Run Behavior\BuildLiteBehavior [ RunTime:0.000013s ]
INFO: [ app_init ] --END-- [ RunTime:0.000320s ]
INFO: [ app_begin ] --START--
INFO: Run Behavior\ReadHtmlCacheBehavior [ RunTime:0.000495s ]
INFO: [ app_begin ] --END-- [ RunTime:0.000526s ]
SQL: SHOW COLUMNS FROM `seat` [ RunTime:0.0015s ]
SQL: SELECT * FROM `seat` WHERE `floor` = 1  [ RunTime:0.0003s ]
INFO: [ app_end ] --START--
INFO: Run Behavior\ShowPageTraceBehavior [ RunTime:0.000756s ]
INFO: [ app_end ] --END-- [ RunTime:0.000787s ]

[ 2018-11-13T20:14:31+08:00 ] 188.131.173.42 /tsg/index.php/Home/Wechat/openid/code/071yoAqB0lSPMf2Yw2pB0DHkqB0yoAqI
INFO: [ app_init ] --START--
INFO: Run Behavior\BuildLiteBehavior [ RunTime:0.000011s ]
INFO: [ app_init ] --END-- [ RunTime:0.000350s ]
INFO: [ app_begin ] --START--
INFO: Run Behavior\ReadHtmlCacheBehavior [ RunTime:0.000489s ]
INFO: [ app_begin ] --END-- [ RunTime:0.000521s ]
INFO: [ app_end ] --START--
INFO: Run Behavior\ShowPageTraceBehavior [ RunTime:0.000816s ]
INFO: [ app_end ] --END-- [ RunTime:0.000877s ]

[ 2018-11-13T20:14:31+08:00 ] 188.131.173.42 /tsg/index.php/Home/Wechat/seachuser/openid/o6Pb941bTuieMg1mXTT5kOD4QgIg
INFO: [ app_init ] --START--
INFO: Run Behavior\BuildLiteBehavior [ RunTime:0.000011s ]
INFO: [ app_init ] --END-- [ RunTime:0.000306s ]
INFO: [ app_begin ] --START--
INFO: Run Behavior\ReadHtmlCacheBehavior [ RunTime:0.000515s ]
INFO: [ app_begin ] --END-- [ RunTime:0.000548s ]
SQL: SHOW COLUMNS FROM `user` [ RunTime:0.0015s ]
SQL: SELECT * FROM `user` WHERE `openid` = 'o6Pb941bTuieMg1mXTT5kOD4QgIg' LIMIT 1   [ RunTime:0.0003s ]
INFO: [ app_end ] --START--
INFO: Run Behavior\ShowPageTraceBehavior [ RunTime:0.000714s ]
INFO: [ app_end ] --END-- [ RunTime:0.000746s ]

[ 2018-11-13T20:14:37+08:00 ] 188.131.173.42 /tsg/index.php/Home/Wechat/study/[object%20Object]
INFO: [ app_init ] --START--
INFO: Run Behavior\BuildLiteBehavior [ RunTime:0.000011s ]
INFO: [ app_init ] --END-- [ RunTime:0.000305s ]
INFO: [ app_begin ] --START--
INFO: Run Behavior\ReadHtmlCacheBehavior [ RunTime:0.000454s ]
INFO: [ app_begin ] --END-- [ RunTime:0.000484s ]
NOTIC: [8] Undefined index: seatid C:\xampp\htdocs\tsg\Application\Home\Controller\WechatController.class.php 第 31 行.
SQL: SHOW COLUMNS FROM `seat` [ RunTime:0.0015s ]
SQL: SELECT * FROM `seat` WHERE `status` = 2  [ RunTime:0.0002s ]
INFO: [ app_end ] --START--
INFO: Run Behavior\ShowPageTraceBehavior [ RunTime:0.000749s ]
INFO: [ app_end ] --END-- [ RunTime:0.000778s ]

[ 2018-11-13T20:46:18+08:00 ] 188.131.173.42 /tsg/index.php/Home/Wechat/seat/floor/2
INFO: [ app_init ] --START--
INFO: Run Behavior\BuildLiteBehavior [ RunTime:0.000011s ]
INFO: [ app_init ] --END-- [ RunTime:0.000357s ]
INFO: [ app_begin ] --START--
INFO: Run Behavior\ReadHtmlCacheBehavior [ RunTime:0.000526s ]
INFO: [ app_begin ] --END-- [ RunTime:0.000558s ]
SQL: SHOW COLUMNS FROM `seat` [ RunTime:0.0015s ]
SQL: SELECT * FROM `seat` WHERE `floor` = 2  [ RunTime:0.0003s ]
INFO: [ app_end ] --START--
INFO: Run Behavior\ShowPageTraceBehavior [ RunTime:0.000786s ]
INFO: [ app_end ] --END-- [ RunTime:0.000819s ]

[ 2018-11-13T20:46:18+08:00 ] 188.131.173.42 /tsg/index.php/Home/Wechat/seat/floor/2
INFO: [ app_init ] --START--
INFO: Run Behavior\BuildLiteBehavior [ RunTime:0.000012s ]
INFO: [ app_init ] --END-- [ RunTime:0.000302s ]
INFO: [ app_begin ] --START--
INFO: Run Behavior\ReadHtmlCacheBehavior [ RunTime:0.000451s ]
INFO: [ app_begin ] --END-- [ RunTime:0.000480s ]
SQL: SHOW COLUMNS FROM `seat` [ RunTime:0.0015s ]
SQL: SELECT * FROM `seat` WHERE `floor` = 2  [ RunTime:0.0003s ]
INFO: [ app_end ] --START--
INFO: Run Behavior\ShowPageTraceBehavior [ RunTime:0.000798s ]
INFO: [ app_end ] --END-- [ RunTime:0.000828s ]

[ 2018-11-13T20:46:20+08:00 ] 188.131.173.42 /tsg/index.php/Home/Wechat/appointment?seatid=2A002&openid=o6Pb941bTuieMg1mXTT5kOD4QgIg
INFO: [ app_init ] --START--
INFO: Run Behavior\BuildLiteBehavior [ RunTime:0.000011s ]
INFO: [ app_init ] --END-- [ RunTime:0.000298s ]
INFO: [ app_begin ] --START--
INFO: Run Behavior\ReadHtmlCacheBehavior [ RunTime:0.000492s ]
INFO: [ app_begin ] --END-- [ RunTime:0.000522s ]
SQL: SHOW COLUMNS FROM `user` [ RunTime:0.0019s ]
SQL: SELECT * FROM `user` WHERE `openid` = 'o6Pb941bTuieMg1mXTT5kOD4QgIg' LIMIT 1   [ RunTime:0.0003s ]
SQL: SHOW COLUMNS FROM `seat` [ RunTime:0.0013s ]
SQL: SELECT * FROM `seat` WHERE `seatid` = '2A002' LIMIT 1   [ RunTime:0.0002s ]
INFO: [ app_end ] --START--
INFO: Run Behavior\ShowPageTraceBehavior [ RunTime:0.000781s ]
INFO: [ app_end ] --END-- [ RunTime:0.000812s ]

[ 2018-11-13T20:46:29+08:00 ] 188.131.173.42 /tsg/index.php/Home/Wechat/openid/code/021zq0p404PzXB1dUmq40tsdp40zq0pL
INFO: [ app_init ] --START--
INFO: Run Behavior\BuildLiteBehavior [ RunTime:0.000012s ]
INFO: [ app_init ] --END-- [ RunTime:0.000319s ]
INFO: [ app_begin ] --START--
INFO: Run Behavior\ReadHtmlCacheBehavior [ RunTime:0.000413s ]
INFO: [ app_begin ] --END-- [ RunTime:0.000441s ]
INFO: [ app_end ] --START--
INFO: Run Behavior\ShowPageTraceBehavior [ RunTime:0.000777s ]
INFO: [ app_end ] --END-- [ RunTime:0.000832s ]

[ 2018-11-13T20:46:29+08:00 ] 188.131.173.42 /tsg/index.php/Home/Wechat/user/openid/o6Pb941bTuieMg1mXTT5kOD4QgIg
INFO: [ app_init ] --START--
INFO: Run Behavior\BuildLiteBehavior [ RunTime:0.000011s ]
INFO: [ app_init ] --END-- [ RunTime:0.000337s ]
INFO: [ app_begin ] --START--
INFO: Run Behavior\ReadHtmlCacheBehavior [ RunTime:0.000483s ]
INFO: [ app_begin ] --END-- [ RunTime:0.000513s ]
SQL: SHOW COLUMNS FROM `user` [ RunTime:0.0015s ]
SQL: SELECT * FROM `user` WHERE `openid` = 'o6Pb941bTuieMg1mXTT5kOD4QgIg' LIMIT 1   [ RunTime:0.0003s ]
INFO: [ app_end ] --START--
INFO: Run Behavior\ShowPageTraceBehavior [ RunTime:0.000739s ]
INFO: [ app_end ] --END-- [ RunTime:0.000769s ]

[ 2018-11-13T21:00:35+08:00 ] 188.131.173.42 /tsg/index.php/Home/Wechat/seat/floor/1
INFO: [ app_init ] --START--
INFO: Run Behavior\BuildLiteBehavior [ RunTime:0.000043s ]
INFO: [ app_init ] --END-- [ RunTime:0.000376s ]
INFO: [ app_begin ] --START--
INFO: Run Behavior\ReadHtmlCacheBehavior [ RunTime:0.000549s ]
INFO: [ app_begin ] --END-- [ RunTime:0.000587s ]
SQL: SHOW COLUMNS FROM `seat` [ RunTime:0.0015s ]
SQL: SELECT * FROM `seat` WHERE `floor` = 1  [ RunTime:0.0003s ]
INFO: [ app_end ] --START--
INFO: Run Behavior\ShowPageTraceBehavior [ RunTime:0.000833s ]
INFO: [ app_end ] --END-- [ RunTime:0.000863s ]

[ 2018-11-13T21:00:35+08:00 ] 188.131.173.42 /tsg/index.php/Home/Wechat/openid/code/081nfz7a2MbvZP0xZx9a23Aw7a2nfz7h
INFO: [ app_init ] --START--
INFO: Run Behavior\BuildLiteBehavior [ RunTime:0.000011s ]
INFO: [ app_init ] --END-- [ RunTime:0.000301s ]
INFO: [ app_begin ] --START--
INFO: Run Behavior\ReadHtmlCacheBehavior [ RunTime:0.000432s ]
INFO: [ app_begin ] --END-- [ RunTime:0.000462s ]
INFO: [ app_end ] --START--
INFO: Run Behavior\ShowPageTraceBehavior [ RunTime:0.000835s ]
INFO: [ app_end ] --END-- [ RunTime:0.000894s ]

[ 2018-11-13T21:00:36+08:00 ] 188.131.173.42 /tsg/index.php/Home/Wechat/seachuser/openid/o6Pb941bTuieMg1mXTT5kOD4QgIg
INFO: [ app_init ] --START--
INFO: Run Behavior\BuildLiteBehavior [ RunTime:0.000011s ]
INFO: [ app_init ] --END-- [ RunTime:0.000297s ]
INFO: [ app_begin ] --START--
INFO: Run Behavior\ReadHtmlCacheBehavior [ RunTime:0.000411s ]
INFO: [ app_begin ] --END-- [ RunTime:0.000441s ]
SQL: SHOW COLUMNS FROM `user` [ RunTime:0.0017s ]
SQL: SELECT * FROM `user` WHERE `openid` = 'o6Pb941bTuieMg1mXTT5kOD4QgIg' LIMIT 1   [ RunTime:0.0003s ]
INFO: [ app_end ] --START--
INFO: Run Behavior\ShowPageTraceBehavior [ RunTime:0.000734s ]
INFO: [ app_end ] --END-- [ RunTime:0.000765s ]

